[0.030s] Invoking command in '/Users/amoralesma/Documents/projects/robotics/manipulator/build/robot_gazebo': CONDA_PROMPT_MODIFIER=(ros-humble) SHLVL=2 _=/usr/bin/env /usr/local/Caskroom/miniforge/base/envs/ros-humble/bin/cmake /Users/amoralesma/Documents/projects/robotics/manipulator/src/robot_gazebo -DCMAKE_INSTALL_PREFIX=/Users/amoralesma/Documents/projects/robotics/manipulator/install/robot_gazebo
[0.089s] -- Found ament_cmake: 1.3.7 (/usr/local/Caskroom/miniforge/base/envs/ros-humble/share/ament_cmake/cmake)
[0.502s] -- Override CMake install command with custom implementation using symlinks instead of copying resources
[0.522s] -- Found ament_lint_auto: 0.12.10 (/usr/local/Caskroom/miniforge/base/envs/ros-humble/share/ament_lint_auto/cmake)
[0.665s] -- Added test 'lint_cmake' to check CMake code style
[0.669s] -- Added test 'xmllint' to check XML markup files
[0.673s] -- Configuring done (0.6s)
[0.692s] -- Generating done (0.0s)
[0.698s] -- Build files have been written to: /Users/amoralesma/Documents/projects/robotics/manipulator/build/robot_gazebo
[0.703s] Invoked command in '/Users/amoralesma/Documents/projects/robotics/manipulator/build/robot_gazebo' returned '0': CONDA_PROMPT_MODIFIER=(ros-humble) SHLVL=2 _=/usr/bin/env /usr/local/Caskroom/miniforge/base/envs/ros-humble/bin/cmake /Users/amoralesma/Documents/projects/robotics/manipulator/src/robot_gazebo -DCMAKE_INSTALL_PREFIX=/Users/amoralesma/Documents/projects/robotics/manipulator/install/robot_gazebo
[0.710s] Invoking command in '/Users/amoralesma/Documents/projects/robotics/manipulator/build/robot_gazebo': CONDA_PROMPT_MODIFIER=(ros-humble) SHLVL=2 _=/usr/bin/env /usr/local/Caskroom/miniforge/base/envs/ros-humble/bin/cmake --build /Users/amoralesma/Documents/projects/robotics/manipulator/build/robot_gazebo -- -j8 -l8
[0.835s] Invoked command in '/Users/amoralesma/Documents/projects/robotics/manipulator/build/robot_gazebo' returned '0': CONDA_PROMPT_MODIFIER=(ros-humble) SHLVL=2 _=/usr/bin/env /usr/local/Caskroom/miniforge/base/envs/ros-humble/bin/cmake --build /Users/amoralesma/Documents/projects/robotics/manipulator/build/robot_gazebo -- -j8 -l8
[0.938s] Invoking command in '/Users/amoralesma/Documents/projects/robotics/manipulator/build/robot_gazebo': CONDA_PROMPT_MODIFIER=(ros-humble) SHLVL=2 _=/usr/bin/env /usr/local/Caskroom/miniforge/base/envs/ros-humble/bin/cmake --install /Users/amoralesma/Documents/projects/robotics/manipulator/build/robot_gazebo
[0.960s] -- Install configuration: ""
[0.961s] -- Execute custom install script
[0.961s] -- Up-to-date symlink: /Users/amoralesma/Documents/projects/robotics/manipulator/install/robot_gazebo/share/ament_index/resource_index/package_run_dependencies/robot_gazebo
[0.962s] -- Up-to-date symlink: /Users/amoralesma/Documents/projects/robotics/manipulator/install/robot_gazebo/share/ament_index/resource_index/parent_prefix_path/robot_gazebo
[0.962s] -- Up-to-date symlink: /Users/amoralesma/Documents/projects/robotics/manipulator/install/robot_gazebo/share/robot_gazebo/environment/ament_prefix_path.sh
[0.963s] -- Up-to-date symlink: /Users/amoralesma/Documents/projects/robotics/manipulator/install/robot_gazebo/share/robot_gazebo/environment/ament_prefix_path.dsv
[0.963s] -- Up-to-date symlink: /Users/amoralesma/Documents/projects/robotics/manipulator/install/robot_gazebo/share/robot_gazebo/environment/path.sh
[0.964s] -- Up-to-date symlink: /Users/amoralesma/Documents/projects/robotics/manipulator/install/robot_gazebo/share/robot_gazebo/environment/path.dsv
[0.964s] -- Up-to-date symlink: /Users/amoralesma/Documents/projects/robotics/manipulator/install/robot_gazebo/share/robot_gazebo/local_setup.bash
[0.964s] -- Up-to-date symlink: /Users/amoralesma/Documents/projects/robotics/manipulator/install/robot_gazebo/share/robot_gazebo/local_setup.sh
[0.964s] -- Up-to-date symlink: /Users/amoralesma/Documents/projects/robotics/manipulator/install/robot_gazebo/share/robot_gazebo/local_setup.zsh
[0.965s] -- Up-to-date symlink: /Users/amoralesma/Documents/projects/robotics/manipulator/install/robot_gazebo/share/robot_gazebo/local_setup.dsv
[0.965s] -- Symlinking: /Users/amoralesma/Documents/projects/robotics/manipulator/install/robot_gazebo/share/robot_gazebo/package.dsv
[0.991s] -- Up-to-date symlink: /Users/amoralesma/Documents/projects/robotics/manipulator/install/robot_gazebo/share/ament_index/resource_index/packages/robot_gazebo
[0.991s] -- Up-to-date symlink: /Users/amoralesma/Documents/projects/robotics/manipulator/install/robot_gazebo/share/robot_gazebo/cmake/robot_gazeboConfig.cmake
[0.991s] -- Up-to-date symlink: /Users/amoralesma/Documents/projects/robotics/manipulator/install/robot_gazebo/share/robot_gazebo/cmake/robot_gazeboConfig-version.cmake
[0.992s] -- Up-to-date symlink: /Users/amoralesma/Documents/projects/robotics/manipulator/install/robot_gazebo/share/robot_gazebo/package.xml
[0.994s] Invoked command in '/Users/amoralesma/Documents/projects/robotics/manipulator/build/robot_gazebo' returned '0': CONDA_PROMPT_MODIFIER=(ros-humble) SHLVL=2 _=/usr/bin/env /usr/local/Caskroom/miniforge/base/envs/ros-humble/bin/cmake --install /Users/amoralesma/Documents/projects/robotics/manipulator/build/robot_gazebo
