[0.030s] Invoking command in '/Users/amoralesma/Documents/projects/robotics/manipulator/build/robot_description': CONDA_PROMPT_MODIFIER=(ros-humble) SHLVL=2 _=/usr/bin/env /usr/local/Caskroom/miniforge/base/envs/ros-humble/bin/cmake --build /Users/amoralesma/Documents/projects/robotics/manipulator/build/robot_description -- -j8 -l8
[0.148s] Invoked command in '/Users/amoralesma/Documents/projects/robotics/manipulator/build/robot_description' returned '0': CONDA_PROMPT_MODIFIER=(ros-humble) SHLVL=2 _=/usr/bin/env /usr/local/Caskroom/miniforge/base/envs/ros-humble/bin/cmake --build /Users/amoralesma/Documents/projects/robotics/manipulator/build/robot_description -- -j8 -l8
[0.256s] Invoking command in '/Users/amoralesma/Documents/projects/robotics/manipulator/build/robot_description': CONDA_PROMPT_MODIFIER=(ros-humble) SHLVL=2 _=/usr/bin/env /usr/local/Caskroom/miniforge/base/envs/ros-humble/bin/cmake --install /Users/amoralesma/Documents/projects/robotics/manipulator/build/robot_description
[0.278s] -- Install configuration: ""
[0.279s] -- Execute custom install script
[0.279s] -- Up-to-date symlink: /Users/amoralesma/Documents/projects/robotics/manipulator/install/robot_description/share/robot_description//launch/launch_viz.py
[0.280s] -- Up-to-date symlink: /Users/amoralesma/Documents/projects/robotics/manipulator/install/robot_description/share/robot_description//launch/vizualize.xml
[0.280s] -- Up-to-date symlink: /Users/amoralesma/Documents/projects/robotics/manipulator/install/robot_description/share/ament_index/resource_index/package_run_dependencies/robot_description
[0.281s] -- Up-to-date symlink: /Users/amoralesma/Documents/projects/robotics/manipulator/install/robot_description/share/ament_index/resource_index/parent_prefix_path/robot_description
[0.281s] -- Up-to-date symlink: /Users/amoralesma/Documents/projects/robotics/manipulator/install/robot_description/share/robot_description/environment/ament_prefix_path.sh
[0.282s] -- Up-to-date symlink: /Users/amoralesma/Documents/projects/robotics/manipulator/install/robot_description/share/robot_description/environment/ament_prefix_path.dsv
[0.282s] -- Up-to-date symlink: /Users/amoralesma/Documents/projects/robotics/manipulator/install/robot_description/share/robot_description/environment/path.sh
[0.282s] -- Up-to-date symlink: /Users/amoralesma/Documents/projects/robotics/manipulator/install/robot_description/share/robot_description/environment/path.dsv
[0.283s] -- Up-to-date symlink: /Users/amoralesma/Documents/projects/robotics/manipulator/install/robot_description/share/robot_description/local_setup.bash
[0.283s] -- Up-to-date symlink: /Users/amoralesma/Documents/projects/robotics/manipulator/install/robot_description/share/robot_description/local_setup.sh
[0.284s] -- Up-to-date symlink: /Users/amoralesma/Documents/projects/robotics/manipulator/install/robot_description/share/robot_description/local_setup.zsh
[0.284s] -- Up-to-date symlink: /Users/amoralesma/Documents/projects/robotics/manipulator/install/robot_description/share/robot_description/local_setup.dsv
[0.284s] -- Symlinking: /Users/amoralesma/Documents/projects/robotics/manipulator/install/robot_description/share/robot_description/package.dsv
[0.310s] -- Up-to-date symlink: /Users/amoralesma/Documents/projects/robotics/manipulator/install/robot_description/share/ament_index/resource_index/packages/robot_description
[0.310s] -- Up-to-date symlink: /Users/amoralesma/Documents/projects/robotics/manipulator/install/robot_description/share/robot_description/cmake/robot_descriptionConfig.cmake
[0.310s] -- Up-to-date symlink: /Users/amoralesma/Documents/projects/robotics/manipulator/install/robot_description/share/robot_description/cmake/robot_descriptionConfig-version.cmake
[0.311s] -- Up-to-date symlink: /Users/amoralesma/Documents/projects/robotics/manipulator/install/robot_description/share/robot_description/package.xml
[0.313s] Invoked command in '/Users/amoralesma/Documents/projects/robotics/manipulator/build/robot_description' returned '0': CONDA_PROMPT_MODIFIER=(ros-humble) SHLVL=2 _=/usr/bin/env /usr/local/Caskroom/miniforge/base/envs/ros-humble/bin/cmake --install /Users/amoralesma/Documents/projects/robotics/manipulator/build/robot_description
