[0.037s] Invoking command in '/Users/amoralesma/Documents/projects/robotics/manipulator/build/ur_description': CONDA_PROMPT_MODIFIER=(ros-humble) SHLVL=2 _=/usr/bin/env /usr/local/Caskroom/miniforge/base/envs/ros-humble/bin/cmake /Users/amoralesma/Documents/projects/robotics/manipulator/src/ur_description -DCMAKE_INSTALL_PREFIX=/Users/amoralesma/Documents/projects/robotics/manipulator/install/ur_description
[1.024s] -- The C compiler identification is Clang 16.0.6
[1.311s] -- The CXX compiler identification is Clang 16.0.6
[1.443s] -- Detecting C compiler ABI info
[1.975s] -- Detecting C compiler ABI info - done
[1.984s] -- Check for working C compiler: /usr/local/Caskroom/miniforge/base/envs/ros-humble/bin/x86_64-apple-darwin13.4.0-clang - skipped
[1.986s] -- Detecting C compile features
[1.987s] -- Detecting C compile features - done
[2.092s] -- Detecting CXX compiler ABI info
[2.574s] -- Detecting CXX compiler ABI info - done
[2.583s] -- Check for working CXX compiler: /usr/local/Caskroom/miniforge/base/envs/ros-humble/bin/x86_64-apple-darwin13.4.0-clang++ - skipped
[2.584s] -- Detecting CXX compile features
[2.584s] -- Detecting CXX compile features - done
[2.606s] -- Found ament_cmake: 1.3.7 (/usr/local/Caskroom/miniforge/base/envs/ros-humble/share/ament_cmake/cmake)
[3.532s] -- Found Python3: /usr/local/Frameworks/Python.framework/Versions/3.12/bin/python3.12 (found version "3.12.1") found components: Interpreter 
[4.058s] -- Found ament_lint_auto: 0.12.10 (/usr/local/Caskroom/miniforge/base/envs/ros-humble/share/ament_lint_auto/cmake)
[4.449s] -- Added test 'flake8' to check Python code syntax and style conventions
[4.454s] -- Added test 'lint_cmake' to check CMake code style
[4.458s] -- Added test 'pep257' to check Python code against some of the docstring style conventions in PEP 257
[4.472s] -- Added test 'xmllint' to check XML markup files
[4.478s] -- Configuring done (4.4s)
[4.512s] -- Generating done (0.0s)
[4.520s] -- Build files have been written to: /Users/amoralesma/Documents/projects/robotics/manipulator/build/ur_description
[4.529s] Invoked command in '/Users/amoralesma/Documents/projects/robotics/manipulator/build/ur_description' returned '0': CONDA_PROMPT_MODIFIER=(ros-humble) SHLVL=2 _=/usr/bin/env /usr/local/Caskroom/miniforge/base/envs/ros-humble/bin/cmake /Users/amoralesma/Documents/projects/robotics/manipulator/src/ur_description -DCMAKE_INSTALL_PREFIX=/Users/amoralesma/Documents/projects/robotics/manipulator/install/ur_description
[4.535s] Invoking command in '/Users/amoralesma/Documents/projects/robotics/manipulator/build/ur_description': CONDA_PROMPT_MODIFIER=(ros-humble) SHLVL=2 _=/usr/bin/env /usr/local/Caskroom/miniforge/base/envs/ros-humble/bin/cmake --build /Users/amoralesma/Documents/projects/robotics/manipulator/build/ur_description -- -j8 -l8
[4.659s] Invoked command in '/Users/amoralesma/Documents/projects/robotics/manipulator/build/ur_description' returned '0': CONDA_PROMPT_MODIFIER=(ros-humble) SHLVL=2 _=/usr/bin/env /usr/local/Caskroom/miniforge/base/envs/ros-humble/bin/cmake --build /Users/amoralesma/Documents/projects/robotics/manipulator/build/ur_description -- -j8 -l8
[4.740s] Invoking command in '/Users/amoralesma/Documents/projects/robotics/manipulator/build/ur_description': CONDA_PROMPT_MODIFIER=(ros-humble) SHLVL=2 _=/usr/bin/env /usr/local/Caskroom/miniforge/base/envs/ros-humble/bin/cmake --install /Users/amoralesma/Documents/projects/robotics/manipulator/build/ur_description
[4.763s] -- Install configuration: ""
[4.763s] -- Installing: /Users/amoralesma/Documents/projects/robotics/manipulator/install/ur_description/share/ament_index/resource_index/package_run_dependencies/ur_description
[4.763s] -- Installing: /Users/amoralesma/Documents/projects/robotics/manipulator/install/ur_description/share/ament_index/resource_index/parent_prefix_path/ur_description
[4.765s] -- Installing: /Users/amoralesma/Documents/projects/robotics/manipulator/install/ur_description/share/ur_description/environment/ament_prefix_path.sh
[4.765s] -- Installing: /Users/amoralesma/Documents/projects/robotics/manipulator/install/ur_description/share/ur_description/environment/ament_prefix_path.dsv
[4.766s] -- Installing: /Users/amoralesma/Documents/projects/robotics/manipulator/install/ur_description/share/ur_description/environment/path.sh
[4.767s] -- Installing: /Users/amoralesma/Documents/projects/robotics/manipulator/install/ur_description/share/ur_description/environment/path.dsv
[4.767s] -- Installing: /Users/amoralesma/Documents/projects/robotics/manipulator/install/ur_description/share/ur_description/local_setup.bash
[4.768s] -- Installing: /Users/amoralesma/Documents/projects/robotics/manipulator/install/ur_description/share/ur_description/local_setup.sh
[4.769s] -- Installing: /Users/amoralesma/Documents/projects/robotics/manipulator/install/ur_description/share/ur_description/local_setup.zsh
[4.769s] -- Installing: /Users/amoralesma/Documents/projects/robotics/manipulator/install/ur_description/share/ur_description/local_setup.dsv
[4.770s] -- Installing: /Users/amoralesma/Documents/projects/robotics/manipulator/install/ur_description/share/ur_description/package.dsv
[4.770s] -- Installing: /Users/amoralesma/Documents/projects/robotics/manipulator/install/ur_description/share/ament_index/resource_index/packages/ur_description
[4.771s] -- Installing: /Users/amoralesma/Documents/projects/robotics/manipulator/install/ur_description/share/ur_description/cmake/ur_descriptionConfig.cmake
[4.772s] -- Installing: /Users/amoralesma/Documents/projects/robotics/manipulator/install/ur_description/share/ur_description/cmake/ur_descriptionConfig-version.cmake
[4.772s] -- Installing: /Users/amoralesma/Documents/projects/robotics/manipulator/install/ur_description/share/ur_description/package.xml
[4.777s] Invoked command in '/Users/amoralesma/Documents/projects/robotics/manipulator/build/ur_description' returned '0': CONDA_PROMPT_MODIFIER=(ros-humble) SHLVL=2 _=/usr/bin/env /usr/local/Caskroom/miniforge/base/envs/ros-humble/bin/cmake --install /Users/amoralesma/Documents/projects/robotics/manipulator/build/ur_description
