-- Install configuration: ""
-- Execute custom install script
-- Up-to-date symlink: /Users/amoralesma/Documents/projects/robotics/manipulator/install/robot_description/share/robot_description//launch/launch_viz.py
-- Up-to-date symlink: /Users/amoralesma/Documents/projects/robotics/manipulator/install/robot_description/share/robot_description//launch/vizualize.xml
-- Up-to-date symlink: /Users/amoralesma/Documents/projects/robotics/manipulator/install/robot_description/share/robot_description//xacro/gen3.xacro
-- Up-to-date symlink: /Users/amoralesma/Documents/projects/robotics/manipulator/install/robot_description/share/robot_description//xacro/gen3_robotiq_2f_140.xacro
-- Up-to-date symlink: /Users/amoralesma/Documents/projects/robotics/manipulator/install/robot_description/share/robot_description//xacro/gen3_robotiq_2f_85.xacro
-- Up-to-date symlink: /Users/amoralesma/Documents/projects/robotics/manipulator/install/robot_description/share/robot_description//xacro/kortex_robot.xacro
-- Up-to-date symlink: /Users/amoralesma/Documents/projects/robotics/manipulator/install/robot_description/share/robot_description//urdf/GEN3-6DOF_BRAKES_NO-VISION_URDF_ARM_V01.urdf
-- Up-to-date symlink: /Users/amoralesma/Documents/projects/robotics/manipulator/install/robot_description/share/robot_description//urdf/GEN3-6DOF_BRAKES_VISION_URDF_ARM_V01.urdf
-- Up-to-date symlink: /Users/amoralesma/Documents/projects/robotics/manipulator/install/robot_description/share/robot_description//urdf/GEN3-6DOF_NO-VISION_URDF_ARM_V01.urdf
-- Up-to-date symlink: /Users/amoralesma/Documents/projects/robotics/manipulator/install/robot_description/share/robot_description//urdf/GEN3-6DOF_VISION_URDF_ARM_V01.urdf
-- Up-to-date symlink: /Users/amoralesma/Documents/projects/robotics/manipulator/install/robot_description/share/robot_description//urdf/gen3_macro.xacro
-- Up-to-date symlink: /Users/amoralesma/Documents/projects/robotics/manipulator/install/robot_description/share/robot_description//urdf/gen3_transmission_macro.xacro
-- Up-to-date symlink: /Users/amoralesma/Documents/projects/robotics/manipulator/install/robot_description/share/ament_index/resource_index/package_run_dependencies/robot_description
-- Up-to-date symlink: /Users/amoralesma/Documents/projects/robotics/manipulator/install/robot_description/share/ament_index/resource_index/parent_prefix_path/robot_description
-- Up-to-date symlink: /Users/amoralesma/Documents/projects/robotics/manipulator/install/robot_description/share/robot_description/environment/ament_prefix_path.sh
-- Up-to-date symlink: /Users/amoralesma/Documents/projects/robotics/manipulator/install/robot_description/share/robot_description/environment/ament_prefix_path.dsv
-- Up-to-date symlink: /Users/amoralesma/Documents/projects/robotics/manipulator/install/robot_description/share/robot_description/environment/path.sh
-- Up-to-date symlink: /Users/amoralesma/Documents/projects/robotics/manipulator/install/robot_description/share/robot_description/environment/path.dsv
-- Up-to-date symlink: /Users/amoralesma/Documents/projects/robotics/manipulator/install/robot_description/share/robot_description/local_setup.bash
-- Up-to-date symlink: /Users/amoralesma/Documents/projects/robotics/manipulator/install/robot_description/share/robot_description/local_setup.sh
-- Up-to-date symlink: /Users/amoralesma/Documents/projects/robotics/manipulator/install/robot_description/share/robot_description/local_setup.zsh
-- Up-to-date symlink: /Users/amoralesma/Documents/projects/robotics/manipulator/install/robot_description/share/robot_description/local_setup.dsv
-- Symlinking: /Users/amoralesma/Documents/projects/robotics/manipulator/install/robot_description/share/robot_description/package.dsv
-- Up-to-date symlink: /Users/amoralesma/Documents/projects/robotics/manipulator/install/robot_description/share/ament_index/resource_index/packages/robot_description
-- Up-to-date symlink: /Users/amoralesma/Documents/projects/robotics/manipulator/install/robot_description/share/robot_description/cmake/robot_descriptionConfig.cmake
-- Up-to-date symlink: /Users/amoralesma/Documents/projects/robotics/manipulator/install/robot_description/share/robot_description/cmake/robot_descriptionConfig-version.cmake
-- Up-to-date symlink: /Users/amoralesma/Documents/projects/robotics/manipulator/install/robot_description/share/robot_description/package.xml
