[0.188s] [34mcolcon[0m [1;30mDEBUG[0m [32mCommand line arguments: ['/usr/local/Caskroom/miniforge/base/envs/ros-humble/bin/colcon', 'build'][0m
[0.188s] [34mcolcon[0m [1;30mDEBUG[0m [32mParsed command line arguments: Namespace(log_base=None, log_level=None, verb_name='build', build_base='build', install_base='install', merge_install=False, symlink_install=False, test_result_base=None, continue_on_error=False, executor='parallel', parallel_workers=8, event_handlers=None, ignore_user_meta=False, metas=['./colcon.meta'], base_paths=['.'], packages_ignore=None, packages_ignore_regex=None, paths=None, packages_up_to=None, packages_up_to_regex=None, packages_above=None, packages_above_and_dependencies=None, packages_above_depth=None, packages_select_by_dep=None, packages_skip_by_dep=None, packages_skip_up_to=None, packages_select_build_failed=False, packages_skip_build_finished=False, packages_select_test_failures=False, packages_skip_test_passed=False, packages_select=None, packages_skip=None, packages_select_regex=None, packages_skip_regex=None, packages_start=None, packages_end=None, cmake_args=None, cmake_target=None, cmake_target_skip_unavailable=False, cmake_clean_cache=False, cmake_clean_first=False, cmake_force_configure=False, ament_cmake_args=None, catkin_cmake_args=None, catkin_skip_building_tests=False, verb_parser=<colcon_defaults.argument_parser.defaults.DefaultArgumentsDecorator object at 0x108687290>, verb_extension=<colcon_core.verb.build.BuildVerb object at 0x108686410>, main=<bound method BuildVerb.main of <colcon_core.verb.build.BuildVerb object at 0x108686410>>)[0m
[0.297s] [34mcolcon.colcon_core.package_discovery[0m [1;30mLevel 1[0m discover_packages(colcon_meta) check parameters
[0.297s] [34mcolcon.colcon_core.package_discovery[0m [1;30mLevel 1[0m discover_packages(recursive) check parameters
[0.297s] [34mcolcon.colcon_core.package_discovery[0m [1;30mLevel 1[0m discover_packages(ignore) check parameters
[0.297s] [34mcolcon.colcon_core.package_discovery[0m [1;30mLevel 1[0m discover_packages(path) check parameters
[0.297s] [34mcolcon.colcon_core.package_discovery[0m [1;30mLevel 1[0m discover_packages(colcon_meta) discover
[0.297s] [34mcolcon.colcon_core.package_discovery[0m [1;30mLevel 1[0m discover_packages(recursive) discover
[0.297s] [34mcolcon.colcon_core.package_discovery[0m [1;30mINFO[0m Crawling recursively for packages in '/Users/amoralesma/Documents/projects/robotics/manipulator'
[0.297s] [34mcolcon.colcon_core.package_identification[0m [1;30mLevel 1[0m _identify(.) by extensions ['ignore', 'ignore_ament_install']
[0.297s] [34mcolcon.colcon_core.package_identification[0m [1;30mLevel 1[0m _identify(.) by extension 'ignore'
[0.297s] [34mcolcon.colcon_core.package_identification[0m [1;30mLevel 1[0m _identify(.) by extension 'ignore_ament_install'
[0.298s] [34mcolcon.colcon_core.package_identification[0m [1;30mLevel 1[0m _identify(.) by extensions ['colcon_pkg']
[0.298s] [34mcolcon.colcon_core.package_identification[0m [1;30mLevel 1[0m _identify(.) by extension 'colcon_pkg'
[0.298s] [34mcolcon.colcon_core.package_identification[0m [1;30mLevel 1[0m _identify(.) by extensions ['colcon_meta']
[0.298s] [34mcolcon.colcon_core.package_identification[0m [1;30mLevel 1[0m _identify(.) by extension 'colcon_meta'
[0.298s] [34mcolcon.colcon_core.package_identification[0m [1;30mLevel 1[0m _identify(.) by extensions ['ros']
[0.298s] [34mcolcon.colcon_core.package_identification[0m [1;30mLevel 1[0m _identify(.) by extension 'ros'
[0.323s] [34mcolcon.colcon_core.package_identification[0m [1;30mLevel 1[0m _identify(.) by extensions ['cmake', 'python']
[0.323s] [34mcolcon.colcon_core.package_identification[0m [1;30mLevel 1[0m _identify(.) by extension 'cmake'
[0.323s] [34mcolcon.colcon_core.package_identification[0m [1;30mLevel 1[0m _identify(.) by extension 'python'
[0.324s] [34mcolcon.colcon_core.package_identification[0m [1;30mLevel 1[0m _identify(.) by extensions ['python_setup_py']
[0.324s] [34mcolcon.colcon_core.package_identification[0m [1;30mLevel 1[0m _identify(.) by extension 'python_setup_py'
[0.324s] [34mcolcon.colcon_core.package_identification[0m [1;30mLevel 1[0m _identify(build) by extensions ['ignore', 'ignore_ament_install']
[0.324s] [34mcolcon.colcon_core.package_identification[0m [1;30mLevel 1[0m _identify(build) by extension 'ignore'
[0.324s] [34mcolcon.colcon_core.package_identification[0m [1;30mLevel 1[0m _identify(build) ignored
[0.324s] [34mcolcon.colcon_core.package_identification[0m [1;30mLevel 1[0m _identify(install) by extensions ['ignore', 'ignore_ament_install']
[0.324s] [34mcolcon.colcon_core.package_identification[0m [1;30mLevel 1[0m _identify(install) by extension 'ignore'
[0.324s] [34mcolcon.colcon_core.package_identification[0m [1;30mLevel 1[0m _identify(install) ignored
[0.324s] [34mcolcon.colcon_core.package_identification[0m [1;30mLevel 1[0m _identify(log) by extensions ['ignore', 'ignore_ament_install']
[0.325s] [34mcolcon.colcon_core.package_identification[0m [1;30mLevel 1[0m _identify(log) by extension 'ignore'
[0.325s] [34mcolcon.colcon_core.package_identification[0m [1;30mLevel 1[0m _identify(log) ignored
[0.325s] [34mcolcon.colcon_core.package_identification[0m [1;30mLevel 1[0m _identify(src) by extensions ['ignore', 'ignore_ament_install']
[0.325s] [34mcolcon.colcon_core.package_identification[0m [1;30mLevel 1[0m _identify(src) by extension 'ignore'
[0.325s] [34mcolcon.colcon_core.package_identification[0m [1;30mLevel 1[0m _identify(src) by extension 'ignore_ament_install'
[0.325s] [34mcolcon.colcon_core.package_identification[0m [1;30mLevel 1[0m _identify(src) by extensions ['colcon_pkg']
[0.325s] [34mcolcon.colcon_core.package_identification[0m [1;30mLevel 1[0m _identify(src) by extension 'colcon_pkg'
[0.325s] [34mcolcon.colcon_core.package_identification[0m [1;30mLevel 1[0m _identify(src) by extensions ['colcon_meta']
[0.325s] [34mcolcon.colcon_core.package_identification[0m [1;30mLevel 1[0m _identify(src) by extension 'colcon_meta'
[0.325s] [34mcolcon.colcon_core.package_identification[0m [1;30mLevel 1[0m _identify(src) by extensions ['ros']
[0.325s] [34mcolcon.colcon_core.package_identification[0m [1;30mLevel 1[0m _identify(src) by extension 'ros'
[0.325s] [34mcolcon.colcon_core.package_identification[0m [1;30mLevel 1[0m _identify(src) by extensions ['cmake', 'python']
[0.325s] [34mcolcon.colcon_core.package_identification[0m [1;30mLevel 1[0m _identify(src) by extension 'cmake'
[0.325s] [34mcolcon.colcon_core.package_identification[0m [1;30mLevel 1[0m _identify(src) by extension 'python'
[0.325s] [34mcolcon.colcon_core.package_identification[0m [1;30mLevel 1[0m _identify(src) by extensions ['python_setup_py']
[0.325s] [34mcolcon.colcon_core.package_identification[0m [1;30mLevel 1[0m _identify(src) by extension 'python_setup_py'
[0.326s] [34mcolcon.colcon_core.package_identification[0m [1;30mLevel 1[0m _identify(src/robot_description) by extensions ['ignore', 'ignore_ament_install']
[0.326s] [34mcolcon.colcon_core.package_identification[0m [1;30mLevel 1[0m _identify(src/robot_description) by extension 'ignore'
[0.326s] [34mcolcon.colcon_core.package_identification[0m [1;30mLevel 1[0m _identify(src/robot_description) by extension 'ignore_ament_install'
[0.326s] [34mcolcon.colcon_core.package_identification[0m [1;30mLevel 1[0m _identify(src/robot_description) by extensions ['colcon_pkg']
[0.326s] [34mcolcon.colcon_core.package_identification[0m [1;30mLevel 1[0m _identify(src/robot_description) by extension 'colcon_pkg'
[0.326s] [34mcolcon.colcon_core.package_identification[0m [1;30mLevel 1[0m _identify(src/robot_description) by extensions ['colcon_meta']
[0.326s] [34mcolcon.colcon_core.package_identification[0m [1;30mLevel 1[0m _identify(src/robot_description) by extension 'colcon_meta'
[0.326s] [34mcolcon.colcon_core.package_identification[0m [1;30mLevel 1[0m _identify(src/robot_description) by extensions ['ros']
[0.326s] [34mcolcon.colcon_core.package_identification[0m [1;30mLevel 1[0m _identify(src/robot_description) by extension 'ros'
[0.328s] [34mcolcon.colcon_core.package_identification[0m [1;30mDEBUG[0m [32mPackage 'src/robot_description' with type 'ros.ament_cmake' and name 'robot_description'[0m
[0.329s] [34mcolcon.colcon_core.package_identification[0m [1;30mLevel 1[0m _identify(src/robot_gazebo) by extensions ['ignore', 'ignore_ament_install']
[0.329s] [34mcolcon.colcon_core.package_identification[0m [1;30mLevel 1[0m _identify(src/robot_gazebo) by extension 'ignore'
[0.329s] [34mcolcon.colcon_core.package_identification[0m [1;30mLevel 1[0m _identify(src/robot_gazebo) by extension 'ignore_ament_install'
[0.329s] [34mcolcon.colcon_core.package_identification[0m [1;30mLevel 1[0m _identify(src/robot_gazebo) by extensions ['colcon_pkg']
[0.329s] [34mcolcon.colcon_core.package_identification[0m [1;30mLevel 1[0m _identify(src/robot_gazebo) by extension 'colcon_pkg'
[0.329s] [34mcolcon.colcon_core.package_identification[0m [1;30mLevel 1[0m _identify(src/robot_gazebo) by extensions ['colcon_meta']
[0.329s] [34mcolcon.colcon_core.package_identification[0m [1;30mLevel 1[0m _identify(src/robot_gazebo) by extension 'colcon_meta'
[0.329s] [34mcolcon.colcon_core.package_identification[0m [1;30mLevel 1[0m _identify(src/robot_gazebo) by extensions ['ros']
[0.329s] [34mcolcon.colcon_core.package_identification[0m [1;30mLevel 1[0m _identify(src/robot_gazebo) by extension 'ros'
[0.329s] [34mcolcon.colcon_core.package_identification[0m [1;30mDEBUG[0m [32mPackage 'src/robot_gazebo' with type 'ros.ament_cmake' and name 'robot_gazebo'[0m
[0.329s] [34mcolcon.colcon_core.package_discovery[0m [1;30mLevel 1[0m discover_packages(recursive) using defaults
[0.330s] [34mcolcon.colcon_core.package_discovery[0m [1;30mLevel 1[0m discover_packages(ignore) discover
[0.330s] [34mcolcon.colcon_core.package_discovery[0m [1;30mLevel 1[0m discover_packages(ignore) using defaults
[0.330s] [34mcolcon.colcon_core.package_discovery[0m [1;30mLevel 1[0m discover_packages(path) discover
[0.330s] [34mcolcon.colcon_core.package_discovery[0m [1;30mLevel 1[0m discover_packages(path) using defaults
[0.347s] [34mcolcon.colcon_core.verb[0m [1;30mLevel 5[0m set package 'robot_description' build argument 'cmake_args' from command line to 'None'
[0.347s] [34mcolcon.colcon_core.verb[0m [1;30mLevel 5[0m set package 'robot_description' build argument 'cmake_target' from command line to 'None'
[0.347s] [34mcolcon.colcon_core.verb[0m [1;30mLevel 5[0m set package 'robot_description' build argument 'cmake_target_skip_unavailable' from command line to 'False'
[0.347s] [34mcolcon.colcon_core.verb[0m [1;30mLevel 5[0m set package 'robot_description' build argument 'cmake_clean_cache' from command line to 'False'
[0.347s] [34mcolcon.colcon_core.verb[0m [1;30mLevel 5[0m set package 'robot_description' build argument 'cmake_clean_first' from command line to 'False'
[0.347s] [34mcolcon.colcon_core.verb[0m [1;30mLevel 5[0m set package 'robot_description' build argument 'cmake_force_configure' from command line to 'False'
[0.347s] [34mcolcon.colcon_core.verb[0m [1;30mLevel 5[0m set package 'robot_description' build argument 'ament_cmake_args' from command line to 'None'
[0.347s] [34mcolcon.colcon_core.verb[0m [1;30mLevel 5[0m set package 'robot_description' build argument 'catkin_cmake_args' from command line to 'None'
[0.347s] [34mcolcon.colcon_core.verb[0m [1;30mLevel 5[0m set package 'robot_description' build argument 'catkin_skip_building_tests' from command line to 'False'
[0.347s] [34mcolcon.colcon_core.verb[0m [1;30mDEBUG[0m [32mBuilding package 'robot_description' with the following arguments: {'ament_cmake_args': None, 'build_base': '/Users/amoralesma/Documents/projects/robotics/manipulator/build/robot_description', 'catkin_cmake_args': None, 'catkin_skip_building_tests': False, 'cmake_args': None, 'cmake_clean_cache': False, 'cmake_clean_first': False, 'cmake_force_configure': False, 'cmake_target': None, 'cmake_target_skip_unavailable': False, 'install_base': '/Users/amoralesma/Documents/projects/robotics/manipulator/install/robot_description', 'merge_install': False, 'path': '/Users/amoralesma/Documents/projects/robotics/manipulator/src/robot_description', 'symlink_install': False, 'test_result_base': None}[0m
[0.348s] [34mcolcon.colcon_core.verb[0m [1;30mLevel 5[0m set package 'robot_gazebo' build argument 'cmake_args' from command line to 'None'
[0.348s] [34mcolcon.colcon_core.verb[0m [1;30mLevel 5[0m set package 'robot_gazebo' build argument 'cmake_target' from command line to 'None'
[0.348s] [34mcolcon.colcon_core.verb[0m [1;30mLevel 5[0m set package 'robot_gazebo' build argument 'cmake_target_skip_unavailable' from command line to 'False'
[0.348s] [34mcolcon.colcon_core.verb[0m [1;30mLevel 5[0m set package 'robot_gazebo' build argument 'cmake_clean_cache' from command line to 'False'
[0.348s] [34mcolcon.colcon_core.verb[0m [1;30mLevel 5[0m set package 'robot_gazebo' build argument 'cmake_clean_first' from command line to 'False'
[0.348s] [34mcolcon.colcon_core.verb[0m [1;30mLevel 5[0m set package 'robot_gazebo' build argument 'cmake_force_configure' from command line to 'False'
[0.348s] [34mcolcon.colcon_core.verb[0m [1;30mLevel 5[0m set package 'robot_gazebo' build argument 'ament_cmake_args' from command line to 'None'
[0.348s] [34mcolcon.colcon_core.verb[0m [1;30mLevel 5[0m set package 'robot_gazebo' build argument 'catkin_cmake_args' from command line to 'None'
[0.348s] [34mcolcon.colcon_core.verb[0m [1;30mLevel 5[0m set package 'robot_gazebo' build argument 'catkin_skip_building_tests' from command line to 'False'
[0.348s] [34mcolcon.colcon_core.verb[0m [1;30mDEBUG[0m [32mBuilding package 'robot_gazebo' with the following arguments: {'ament_cmake_args': None, 'build_base': '/Users/amoralesma/Documents/projects/robotics/manipulator/build/robot_gazebo', 'catkin_cmake_args': None, 'catkin_skip_building_tests': False, 'cmake_args': None, 'cmake_clean_cache': False, 'cmake_clean_first': False, 'cmake_force_configure': False, 'cmake_target': None, 'cmake_target_skip_unavailable': False, 'install_base': '/Users/amoralesma/Documents/projects/robotics/manipulator/install/robot_gazebo', 'merge_install': False, 'path': '/Users/amoralesma/Documents/projects/robotics/manipulator/src/robot_gazebo', 'symlink_install': False, 'test_result_base': None}[0m
[0.348s] [34mcolcon.colcon_core.executor[0m [1;30mINFO[0m Executing jobs using 'parallel' executor
[0.349s] [34mcolcon.colcon_parallel_executor.executor.parallel[0m [1;30mDEBUG[0m [32mrun_until_complete[0m
[0.350s] [34mcolcon.colcon_ros.task.ament_cmake.build[0m [1;30mINFO[0m Building ROS package in '/Users/amoralesma/Documents/projects/robotics/manipulator/src/robot_description' with build type 'ament_cmake'
[0.350s] [34mcolcon.colcon_cmake.task.cmake.build[0m [1;30mINFO[0m Building CMake package in '/Users/amoralesma/Documents/projects/robotics/manipulator/src/robot_description'
[0.353s] [34mcolcon.colcon_core.plugin_system[0m [1;30mINFO[0m Skipping extension 'colcon_core.shell.bat': Not used on non-Windows systems
[0.353s] [34mcolcon.colcon_core.shell[0m [1;30mINFO[0m Skip shell extension 'powershell' for command environment: Not usable outside of PowerShell
[0.353s] [34mcolcon.colcon_core.shell[0m [1;30mDEBUG[0m [32mSkip shell extension 'dsv' for command environment[0m
[0.362s] [34mcolcon.colcon_ros.task.ament_cmake.build[0m [1;30mINFO[0m Building ROS package in '/Users/amoralesma/Documents/projects/robotics/manipulator/src/robot_gazebo' with build type 'ament_cmake'
[0.362s] [34mcolcon.colcon_cmake.task.cmake.build[0m [1;30mINFO[0m Building CMake package in '/Users/amoralesma/Documents/projects/robotics/manipulator/src/robot_gazebo'
[0.363s] [34mcolcon.colcon_core.shell[0m [1;30mINFO[0m Skip shell extension 'powershell' for command environment: Not usable outside of PowerShell
[0.363s] [34mcolcon.colcon_core.shell[0m [1;30mDEBUG[0m [32mSkip shell extension 'dsv' for command environment[0m
[0.384s] [34mcolcon.colcon_core.event_handler.log_command[0m [1;30mDEBUG[0m [32mInvoking command in '/Users/amoralesma/Documents/projects/robotics/manipulator/build/robot_description': CONDA_PROMPT_MODIFIER=(ros-humble) SHLVL=2 _=/usr/bin/env /usr/local/Caskroom/miniforge/base/envs/ros-humble/bin/cmake /Users/amoralesma/Documents/projects/robotics/manipulator/src/robot_description -DCMAKE_INSTALL_PREFIX=/Users/amoralesma/Documents/projects/robotics/manipulator/install/robot_description[0m
[0.392s] [34mcolcon.colcon_core.event_handler.log_command[0m [1;30mDEBUG[0m [32mInvoking command in '/Users/amoralesma/Documents/projects/robotics/manipulator/build/robot_gazebo': CONDA_PROMPT_MODIFIER=(ros-humble) SHLVL=2 _=/usr/bin/env /usr/local/Caskroom/miniforge/base/envs/ros-humble/bin/cmake /Users/amoralesma/Documents/projects/robotics/manipulator/src/robot_gazebo -DCMAKE_INSTALL_PREFIX=/Users/amoralesma/Documents/projects/robotics/manipulator/install/robot_gazebo[0m
[1.065s] [34mcolcon.colcon_core.event_handler.log_command[0m [1;30mDEBUG[0m [32mInvoked command in '/Users/amoralesma/Documents/projects/robotics/manipulator/build/robot_gazebo' returned '0': CONDA_PROMPT_MODIFIER=(ros-humble) SHLVL=2 _=/usr/bin/env /usr/local/Caskroom/miniforge/base/envs/ros-humble/bin/cmake /Users/amoralesma/Documents/projects/robotics/manipulator/src/robot_gazebo -DCMAKE_INSTALL_PREFIX=/Users/amoralesma/Documents/projects/robotics/manipulator/install/robot_gazebo[0m
[1.073s] [34mcolcon.colcon_core.event_handler.log_command[0m [1;30mDEBUG[0m [32mInvoking command in '/Users/amoralesma/Documents/projects/robotics/manipulator/build/robot_gazebo': CONDA_PROMPT_MODIFIER=(ros-humble) SHLVL=2 _=/usr/bin/env /usr/local/Caskroom/miniforge/base/envs/ros-humble/bin/cmake --build /Users/amoralesma/Documents/projects/robotics/manipulator/build/robot_gazebo -- -j8 -l8[0m
[1.098s] [34mcolcon.colcon_core.event_handler.log_command[0m [1;30mDEBUG[0m [32mInvoked command in '/Users/amoralesma/Documents/projects/robotics/manipulator/build/robot_description' returned '0': CONDA_PROMPT_MODIFIER=(ros-humble) SHLVL=2 _=/usr/bin/env /usr/local/Caskroom/miniforge/base/envs/ros-humble/bin/cmake /Users/amoralesma/Documents/projects/robotics/manipulator/src/robot_description -DCMAKE_INSTALL_PREFIX=/Users/amoralesma/Documents/projects/robotics/manipulator/install/robot_description[0m
[1.104s] [34mcolcon.colcon_core.event_handler.log_command[0m [1;30mDEBUG[0m [32mInvoking command in '/Users/amoralesma/Documents/projects/robotics/manipulator/build/robot_description': CONDA_PROMPT_MODIFIER=(ros-humble) SHLVL=2 _=/usr/bin/env /usr/local/Caskroom/miniforge/base/envs/ros-humble/bin/cmake --build /Users/amoralesma/Documents/projects/robotics/manipulator/build/robot_description -- -j8 -l8[0m
[1.198s] [34mcolcon.colcon_core.event_handler.log_command[0m [1;30mDEBUG[0m [32mInvoked command in '/Users/amoralesma/Documents/projects/robotics/manipulator/build/robot_gazebo' returned '0': CONDA_PROMPT_MODIFIER=(ros-humble) SHLVL=2 _=/usr/bin/env /usr/local/Caskroom/miniforge/base/envs/ros-humble/bin/cmake --build /Users/amoralesma/Documents/projects/robotics/manipulator/build/robot_gazebo -- -j8 -l8[0m
[1.217s] [34mcolcon.colcon_core.event_handler.log_command[0m [1;30mDEBUG[0m [32mInvoked command in '/Users/amoralesma/Documents/projects/robotics/manipulator/build/robot_description' returned '0': CONDA_PROMPT_MODIFIER=(ros-humble) SHLVL=2 _=/usr/bin/env /usr/local/Caskroom/miniforge/base/envs/ros-humble/bin/cmake --build /Users/amoralesma/Documents/projects/robotics/manipulator/build/robot_description -- -j8 -l8[0m
[1.300s] [34mcolcon.colcon_core.event_handler.log_command[0m [1;30mDEBUG[0m [32mInvoking command in '/Users/amoralesma/Documents/projects/robotics/manipulator/build/robot_gazebo': CONDA_PROMPT_MODIFIER=(ros-humble) SHLVL=2 _=/usr/bin/env /usr/local/Caskroom/miniforge/base/envs/ros-humble/bin/cmake --install /Users/amoralesma/Documents/projects/robotics/manipulator/build/robot_gazebo[0m
[1.306s] [34mcolcon.colcon_core.event_handler.log_command[0m [1;30mDEBUG[0m [32mInvoking command in '/Users/amoralesma/Documents/projects/robotics/manipulator/build/robot_description': CONDA_PROMPT_MODIFIER=(ros-humble) SHLVL=2 _=/usr/bin/env /usr/local/Caskroom/miniforge/base/envs/ros-humble/bin/cmake --install /Users/amoralesma/Documents/projects/robotics/manipulator/build/robot_description[0m
[1.355s] [34mcolcon.colcon_core.environment[0m [1;30mLevel 1[0m create_environment_scripts_only(robot_gazebo)
[1.356s] [34mcolcon.colcon_core.event_handler.log_command[0m [1;30mDEBUG[0m [32mInvoked command in '/Users/amoralesma/Documents/projects/robotics/manipulator/build/robot_gazebo' returned '0': CONDA_PROMPT_MODIFIER=(ros-humble) SHLVL=2 _=/usr/bin/env /usr/local/Caskroom/miniforge/base/envs/ros-humble/bin/cmake --install /Users/amoralesma/Documents/projects/robotics/manipulator/build/robot_gazebo[0m
[1.359s] [34mcolcon.colcon_core.environment[0m [1;30mLevel 1[0m checking '/Users/amoralesma/Documents/projects/robotics/manipulator/install/robot_gazebo' for CMake module files
[1.360s] [34mcolcon.colcon_core.environment[0m [1;30mLevel 1[0m checking '/Users/amoralesma/Documents/projects/robotics/manipulator/install/robot_gazebo' for CMake config files
[1.360s] [34mcolcon.colcon_core.shell[0m [1;30mLevel 1[0m create_environment_hook('robot_gazebo', 'cmake_prefix_path')
[1.360s] [34mcolcon.colcon_core.shell[0m [1;30mINFO[0m Creating environment hook '/Users/amoralesma/Documents/projects/robotics/manipulator/install/robot_gazebo/share/robot_gazebo/hook/cmake_prefix_path.ps1'
[1.361s] [34mcolcon.colcon_core.shell[0m [1;30mINFO[0m Creating environment descriptor '/Users/amoralesma/Documents/projects/robotics/manipulator/install/robot_gazebo/share/robot_gazebo/hook/cmake_prefix_path.dsv'
[1.362s] [34mcolcon.colcon_core.shell[0m [1;30mINFO[0m Creating environment hook '/Users/amoralesma/Documents/projects/robotics/manipulator/install/robot_gazebo/share/robot_gazebo/hook/cmake_prefix_path.sh'
[1.363s] [34mcolcon.colcon_core.environment[0m [1;30mLevel 1[0m checking '/Users/amoralesma/Documents/projects/robotics/manipulator/install/robot_gazebo/lib'
[1.364s] [34mcolcon.colcon_core.environment[0m [1;30mLevel 1[0m checking '/Users/amoralesma/Documents/projects/robotics/manipulator/install/robot_gazebo/bin'
[1.364s] [34mcolcon.colcon_core.environment[0m [1;30mLevel 1[0m checking '/Users/amoralesma/Documents/projects/robotics/manipulator/install/robot_gazebo/lib/pkgconfig/robot_gazebo.pc'
[1.364s] [34mcolcon.colcon_core.environment[0m [1;30mLevel 1[0m checking '/Users/amoralesma/Documents/projects/robotics/manipulator/install/robot_gazebo/lib/python3.11/site-packages'
[1.364s] [34mcolcon.colcon_core.environment[0m [1;30mLevel 1[0m checking '/Users/amoralesma/Documents/projects/robotics/manipulator/install/robot_gazebo/bin'
[1.365s] [34mcolcon.colcon_core.shell[0m [1;30mINFO[0m Creating package script '/Users/amoralesma/Documents/projects/robotics/manipulator/install/robot_gazebo/share/robot_gazebo/package.ps1'
[1.366s] [34mcolcon.colcon_core.shell[0m [1;30mINFO[0m Creating package descriptor '/Users/amoralesma/Documents/projects/robotics/manipulator/install/robot_gazebo/share/robot_gazebo/package.dsv'
[1.366s] [34mcolcon.colcon_core.shell[0m [1;30mINFO[0m Creating package script '/Users/amoralesma/Documents/projects/robotics/manipulator/install/robot_gazebo/share/robot_gazebo/package.sh'
[1.367s] [34mcolcon.colcon_core.shell[0m [1;30mINFO[0m Creating package script '/Users/amoralesma/Documents/projects/robotics/manipulator/install/robot_gazebo/share/robot_gazebo/package.bash'
[1.368s] [34mcolcon.colcon_core.shell[0m [1;30mINFO[0m Creating package script '/Users/amoralesma/Documents/projects/robotics/manipulator/install/robot_gazebo/share/robot_gazebo/package.zsh'
[1.369s] [34mcolcon.colcon_core.environment[0m [1;30mLevel 1[0m create_file_with_runtime_dependencies(/Users/amoralesma/Documents/projects/robotics/manipulator/install/robot_gazebo/share/colcon-core/packages/robot_gazebo)
[1.375s] [34mcolcon.colcon_core.environment[0m [1;30mLevel 1[0m create_environment_scripts_only(robot_description)
[1.375s] [34mcolcon.colcon_core.environment[0m [1;30mLevel 1[0m checking '/Users/amoralesma/Documents/projects/robotics/manipulator/install/robot_description' for CMake module files
[1.377s] [34mcolcon.colcon_core.event_handler.log_command[0m [1;30mDEBUG[0m [32mInvoked command in '/Users/amoralesma/Documents/projects/robotics/manipulator/build/robot_description' returned '0': CONDA_PROMPT_MODIFIER=(ros-humble) SHLVL=2 _=/usr/bin/env /usr/local/Caskroom/miniforge/base/envs/ros-humble/bin/cmake --install /Users/amoralesma/Documents/projects/robotics/manipulator/build/robot_description[0m
[1.377s] [34mcolcon.colcon_core.environment[0m [1;30mLevel 1[0m checking '/Users/amoralesma/Documents/projects/robotics/manipulator/install/robot_description' for CMake config files
[1.378s] [34mcolcon.colcon_core.shell[0m [1;30mLevel 1[0m create_environment_hook('robot_description', 'cmake_prefix_path')
[1.378s] [34mcolcon.colcon_core.shell[0m [1;30mINFO[0m Creating environment hook '/Users/amoralesma/Documents/projects/robotics/manipulator/install/robot_description/share/robot_description/hook/cmake_prefix_path.ps1'
[1.379s] [34mcolcon.colcon_core.shell[0m [1;30mINFO[0m Creating environment descriptor '/Users/amoralesma/Documents/projects/robotics/manipulator/install/robot_description/share/robot_description/hook/cmake_prefix_path.dsv'
[1.380s] [34mcolcon.colcon_core.shell[0m [1;30mINFO[0m Creating environment hook '/Users/amoralesma/Documents/projects/robotics/manipulator/install/robot_description/share/robot_description/hook/cmake_prefix_path.sh'
[1.381s] [34mcolcon.colcon_core.environment[0m [1;30mLevel 1[0m checking '/Users/amoralesma/Documents/projects/robotics/manipulator/install/robot_description/lib'
[1.381s] [34mcolcon.colcon_core.environment[0m [1;30mLevel 1[0m checking '/Users/amoralesma/Documents/projects/robotics/manipulator/install/robot_description/bin'
[1.381s] [34mcolcon.colcon_core.environment[0m [1;30mLevel 1[0m checking '/Users/amoralesma/Documents/projects/robotics/manipulator/install/robot_description/lib/pkgconfig/robot_description.pc'
[1.382s] [34mcolcon.colcon_core.environment[0m [1;30mLevel 1[0m checking '/Users/amoralesma/Documents/projects/robotics/manipulator/install/robot_description/lib/python3.11/site-packages'
[1.382s] [34mcolcon.colcon_core.environment[0m [1;30mLevel 1[0m checking '/Users/amoralesma/Documents/projects/robotics/manipulator/install/robot_description/bin'
[1.383s] [34mcolcon.colcon_core.shell[0m [1;30mINFO[0m Creating package script '/Users/amoralesma/Documents/projects/robotics/manipulator/install/robot_description/share/robot_description/package.ps1'
[1.383s] [34mcolcon.colcon_core.shell[0m [1;30mINFO[0m Creating package descriptor '/Users/amoralesma/Documents/projects/robotics/manipulator/install/robot_description/share/robot_description/package.dsv'
[1.384s] [34mcolcon.colcon_core.shell[0m [1;30mINFO[0m Creating package script '/Users/amoralesma/Documents/projects/robotics/manipulator/install/robot_description/share/robot_description/package.sh'
[1.385s] [34mcolcon.colcon_core.shell[0m [1;30mINFO[0m Creating package script '/Users/amoralesma/Documents/projects/robotics/manipulator/install/robot_description/share/robot_description/package.bash'
[1.386s] [34mcolcon.colcon_core.shell[0m [1;30mINFO[0m Creating package script '/Users/amoralesma/Documents/projects/robotics/manipulator/install/robot_description/share/robot_description/package.zsh'
[1.386s] [34mcolcon.colcon_core.environment[0m [1;30mLevel 1[0m create_file_with_runtime_dependencies(/Users/amoralesma/Documents/projects/robotics/manipulator/install/robot_description/share/colcon-core/packages/robot_description)
[1.458s] [34mcolcon.colcon_core.environment[0m [1;30mLevel 1[0m create_environment_scripts_only(robot_gazebo)
[1.458s] [34mcolcon.colcon_core.environment[0m [1;30mLevel 1[0m checking '/Users/amoralesma/Documents/projects/robotics/manipulator/install/robot_gazebo' for CMake module files
[1.459s] [34mcolcon.colcon_core.environment[0m [1;30mLevel 1[0m checking '/Users/amoralesma/Documents/projects/robotics/manipulator/install/robot_gazebo' for CMake config files
[1.459s] [34mcolcon.colcon_core.shell[0m [1;30mLevel 1[0m create_environment_hook('robot_gazebo', 'cmake_prefix_path')
[1.459s] [34mcolcon.colcon_core.shell[0m [1;30mINFO[0m Creating environment hook '/Users/amoralesma/Documents/projects/robotics/manipulator/install/robot_gazebo/share/robot_gazebo/hook/cmake_prefix_path.ps1'
[1.460s] [34mcolcon.colcon_core.shell[0m [1;30mINFO[0m Creating environment descriptor '/Users/amoralesma/Documents/projects/robotics/manipulator/install/robot_gazebo/share/robot_gazebo/hook/cmake_prefix_path.dsv'
[1.461s] [34mcolcon.colcon_core.shell[0m [1;30mINFO[0m Creating environment hook '/Users/amoralesma/Documents/projects/robotics/manipulator/install/robot_gazebo/share/robot_gazebo/hook/cmake_prefix_path.sh'
[1.461s] [34mcolcon.colcon_core.environment[0m [1;30mLevel 1[0m checking '/Users/amoralesma/Documents/projects/robotics/manipulator/install/robot_gazebo/lib'
[1.461s] [34mcolcon.colcon_core.environment[0m [1;30mLevel 1[0m checking '/Users/amoralesma/Documents/projects/robotics/manipulator/install/robot_gazebo/bin'
[1.461s] [34mcolcon.colcon_core.environment[0m [1;30mLevel 1[0m checking '/Users/amoralesma/Documents/projects/robotics/manipulator/install/robot_gazebo/lib/pkgconfig/robot_gazebo.pc'
[1.462s] [34mcolcon.colcon_core.environment[0m [1;30mLevel 1[0m checking '/Users/amoralesma/Documents/projects/robotics/manipulator/install/robot_gazebo/lib/python3.11/site-packages'
[1.462s] [34mcolcon.colcon_core.environment[0m [1;30mLevel 1[0m checking '/Users/amoralesma/Documents/projects/robotics/manipulator/install/robot_gazebo/bin'
[1.462s] [34mcolcon.colcon_core.shell[0m [1;30mINFO[0m Creating package script '/Users/amoralesma/Documents/projects/robotics/manipulator/install/robot_gazebo/share/robot_gazebo/package.ps1'
[1.463s] [34mcolcon.colcon_core.shell[0m [1;30mINFO[0m Creating package descriptor '/Users/amoralesma/Documents/projects/robotics/manipulator/install/robot_gazebo/share/robot_gazebo/package.dsv'
[1.464s] [34mcolcon.colcon_core.shell[0m [1;30mINFO[0m Creating package script '/Users/amoralesma/Documents/projects/robotics/manipulator/install/robot_gazebo/share/robot_gazebo/package.sh'
[1.464s] [34mcolcon.colcon_core.shell[0m [1;30mINFO[0m Creating package script '/Users/amoralesma/Documents/projects/robotics/manipulator/install/robot_gazebo/share/robot_gazebo/package.bash'
[1.465s] [34mcolcon.colcon_core.shell[0m [1;30mINFO[0m Creating package script '/Users/amoralesma/Documents/projects/robotics/manipulator/install/robot_gazebo/share/robot_gazebo/package.zsh'
[1.465s] [34mcolcon.colcon_core.environment[0m [1;30mLevel 1[0m create_file_with_runtime_dependencies(/Users/amoralesma/Documents/projects/robotics/manipulator/install/robot_gazebo/share/colcon-core/packages/robot_gazebo)
[1.470s] [34mcolcon.colcon_core.environment[0m [1;30mLevel 1[0m create_environment_scripts_only(robot_description)
[1.471s] [34mcolcon.colcon_core.environment[0m [1;30mLevel 1[0m checking '/Users/amoralesma/Documents/projects/robotics/manipulator/install/robot_description' for CMake module files
[1.472s] [34mcolcon.colcon_core.environment[0m [1;30mLevel 1[0m checking '/Users/amoralesma/Documents/projects/robotics/manipulator/install/robot_description' for CMake config files
[1.472s] [34mcolcon.colcon_core.shell[0m [1;30mLevel 1[0m create_environment_hook('robot_description', 'cmake_prefix_path')
[1.472s] [34mcolcon.colcon_core.shell[0m [1;30mINFO[0m Creating environment hook '/Users/amoralesma/Documents/projects/robotics/manipulator/install/robot_description/share/robot_description/hook/cmake_prefix_path.ps1'
[1.473s] [34mcolcon.colcon_core.shell[0m [1;30mINFO[0m Creating environment descriptor '/Users/amoralesma/Documents/projects/robotics/manipulator/install/robot_description/share/robot_description/hook/cmake_prefix_path.dsv'
[1.474s] [34mcolcon.colcon_core.shell[0m [1;30mINFO[0m Creating environment hook '/Users/amoralesma/Documents/projects/robotics/manipulator/install/robot_description/share/robot_description/hook/cmake_prefix_path.sh'
[1.475s] [34mcolcon.colcon_core.environment[0m [1;30mLevel 1[0m checking '/Users/amoralesma/Documents/projects/robotics/manipulator/install/robot_description/lib'
[1.475s] [34mcolcon.colcon_core.environment[0m [1;30mLevel 1[0m checking '/Users/amoralesma/Documents/projects/robotics/manipulator/install/robot_description/bin'
[1.475s] [34mcolcon.colcon_core.environment[0m [1;30mLevel 1[0m checking '/Users/amoralesma/Documents/projects/robotics/manipulator/install/robot_description/lib/pkgconfig/robot_description.pc'
[1.476s] [34mcolcon.colcon_core.environment[0m [1;30mLevel 1[0m checking '/Users/amoralesma/Documents/projects/robotics/manipulator/install/robot_description/lib/python3.11/site-packages'
[1.476s] [34mcolcon.colcon_core.environment[0m [1;30mLevel 1[0m checking '/Users/amoralesma/Documents/projects/robotics/manipulator/install/robot_description/bin'
[1.476s] [34mcolcon.colcon_core.shell[0m [1;30mINFO[0m Creating package script '/Users/amoralesma/Documents/projects/robotics/manipulator/install/robot_description/share/robot_description/package.ps1'
[1.477s] [34mcolcon.colcon_core.shell[0m [1;30mINFO[0m Creating package descriptor '/Users/amoralesma/Documents/projects/robotics/manipulator/install/robot_description/share/robot_description/package.dsv'
[1.478s] [34mcolcon.colcon_core.shell[0m [1;30mINFO[0m Creating package script '/Users/amoralesma/Documents/projects/robotics/manipulator/install/robot_description/share/robot_description/package.sh'
[1.479s] [34mcolcon.colcon_core.shell[0m [1;30mINFO[0m Creating package script '/Users/amoralesma/Documents/projects/robotics/manipulator/install/robot_description/share/robot_description/package.bash'
[1.480s] [34mcolcon.colcon_core.shell[0m [1;30mINFO[0m Creating package script '/Users/amoralesma/Documents/projects/robotics/manipulator/install/robot_description/share/robot_description/package.zsh'
[1.482s] [34mcolcon.colcon_core.environment[0m [1;30mLevel 1[0m create_file_with_runtime_dependencies(/Users/amoralesma/Documents/projects/robotics/manipulator/install/robot_description/share/colcon-core/packages/robot_description)
[1.482s] [34mcolcon.colcon_parallel_executor.executor.parallel[0m [1;30mDEBUG[0m [32mclosing loop[0m
[1.483s] [34mcolcon.colcon_parallel_executor.executor.parallel[0m [1;30mDEBUG[0m [32mloop closed[0m
[1.483s] [34mcolcon.colcon_parallel_executor.executor.parallel[0m [1;30mDEBUG[0m [32mrun_until_complete finished with '0'[0m
[1.483s] [34mcolcon.colcon_core.event_reactor[0m [1;30mDEBUG[0m [32mjoining thread[0m
[1.484s] [34mcolcon.colcon_core.event_reactor[0m [1;30mDEBUG[0m [32mjoined thread[0m
[1.484s] [34mcolcon.colcon_core.shell[0m [1;30mINFO[0m Creating prefix script '/Users/amoralesma/Documents/projects/robotics/manipulator/install/local_setup.ps1'
[1.486s] [34mcolcon.colcon_core.shell[0m [1;30mINFO[0m Creating prefix util module '/Users/amoralesma/Documents/projects/robotics/manipulator/install/_local_setup_util_ps1.py'
[1.487s] [34mcolcon.colcon_core.shell[0m [1;30mINFO[0m Creating prefix chain script '/Users/amoralesma/Documents/projects/robotics/manipulator/install/setup.ps1'
[1.489s] [34mcolcon.colcon_core.shell[0m [1;30mINFO[0m Creating prefix script '/Users/amoralesma/Documents/projects/robotics/manipulator/install/local_setup.sh'
[1.490s] [34mcolcon.colcon_core.shell[0m [1;30mINFO[0m Creating prefix util module '/Users/amoralesma/Documents/projects/robotics/manipulator/install/_local_setup_util_sh.py'
[1.491s] [34mcolcon.colcon_core.shell[0m [1;30mINFO[0m Creating prefix chain script '/Users/amoralesma/Documents/projects/robotics/manipulator/install/setup.sh'
[1.493s] [34mcolcon.colcon_core.shell[0m [1;30mINFO[0m Creating prefix script '/Users/amoralesma/Documents/projects/robotics/manipulator/install/local_setup.bash'
[1.494s] [34mcolcon.colcon_core.shell[0m [1;30mINFO[0m Creating prefix chain script '/Users/amoralesma/Documents/projects/robotics/manipulator/install/setup.bash'
[1.496s] [34mcolcon.colcon_core.shell[0m [1;30mINFO[0m Creating prefix script '/Users/amoralesma/Documents/projects/robotics/manipulator/install/local_setup.zsh'
[1.497s] [34mcolcon.colcon_core.shell[0m [1;30mINFO[0m Creating prefix chain script '/Users/amoralesma/Documents/projects/robotics/manipulator/install/setup.zsh'
