[0.026s] Invoking command in '/Users/amoralesma/Documents/projects/robotics/manipulator/build/robot_gazebo': CONDA_PROMPT_MODIFIER=(ros-humble) SHLVL=2 _=/usr/bin/env /usr/local/Caskroom/miniforge/base/envs/ros-humble/bin/cmake --build /Users/amoralesma/Documents/projects/robotics/manipulator/build/robot_gazebo -- -j8 -l8
[0.157s] Invoked command in '/Users/amoralesma/Documents/projects/robotics/manipulator/build/robot_gazebo' returned '0': CONDA_PROMPT_MODIFIER=(ros-humble) SHLVL=2 _=/usr/bin/env /usr/local/Caskroom/miniforge/base/envs/ros-humble/bin/cmake --build /Users/amoralesma/Documents/projects/robotics/manipulator/build/robot_gazebo -- -j8 -l8
[0.271s] Invoking command in '/Users/amoralesma/Documents/projects/robotics/manipulator/build/robot_gazebo': CONDA_PROMPT_MODIFIER=(ros-humble) SHLVL=2 _=/usr/bin/env /usr/local/Caskroom/miniforge/base/envs/ros-humble/bin/cmake --install /Users/amoralesma/Documents/projects/robotics/manipulator/build/robot_gazebo
[0.296s] -- Install configuration: ""
[0.297s] -- Execute custom install script
[0.297s] -- Up-to-date symlink: /Users/amoralesma/Documents/projects/robotics/manipulator/install/robot_gazebo/share/ament_index/resource_index/package_run_dependencies/robot_gazebo
[0.298s] -- Up-to-date symlink: /Users/amoralesma/Documents/projects/robotics/manipulator/install/robot_gazebo/share/ament_index/resource_index/parent_prefix_path/robot_gazebo
[0.298s] -- Up-to-date symlink: /Users/amoralesma/Documents/projects/robotics/manipulator/install/robot_gazebo/share/robot_gazebo/environment/ament_prefix_path.sh
[0.299s] -- Up-to-date symlink: /Users/amoralesma/Documents/projects/robotics/manipulator/install/robot_gazebo/share/robot_gazebo/environment/ament_prefix_path.dsv
[0.300s] -- Up-to-date symlink: /Users/amoralesma/Documents/projects/robotics/manipulator/install/robot_gazebo/share/robot_gazebo/environment/path.sh
[0.300s] -- Up-to-date symlink: /Users/amoralesma/Documents/projects/robotics/manipulator/install/robot_gazebo/share/robot_gazebo/environment/path.dsv
[0.300s] -- Up-to-date symlink: /Users/amoralesma/Documents/projects/robotics/manipulator/install/robot_gazebo/share/robot_gazebo/local_setup.bash
[0.301s] -- Up-to-date symlink: /Users/amoralesma/Documents/projects/robotics/manipulator/install/robot_gazebo/share/robot_gazebo/local_setup.sh
[0.302s] -- Up-to-date symlink: /Users/amoralesma/Documents/projects/robotics/manipulator/install/robot_gazebo/share/robot_gazebo/local_setup.zsh
[0.303s] -- Up-to-date symlink: /Users/amoralesma/Documents/projects/robotics/manipulator/install/robot_gazebo/share/robot_gazebo/local_setup.dsv
[0.303s] -- Symlinking: /Users/amoralesma/Documents/projects/robotics/manipulator/install/robot_gazebo/share/robot_gazebo/package.dsv
[0.356s] -- Up-to-date symlink: /Users/amoralesma/Documents/projects/robotics/manipulator/install/robot_gazebo/share/ament_index/resource_index/packages/robot_gazebo
[0.358s] -- Up-to-date symlink: /Users/amoralesma/Documents/projects/robotics/manipulator/install/robot_gazebo/share/robot_gazebo/cmake/robot_gazeboConfig.cmake
[0.358s] -- Up-to-date symlink: /Users/amoralesma/Documents/projects/robotics/manipulator/install/robot_gazebo/share/robot_gazebo/cmake/robot_gazeboConfig-version.cmake
[0.358s] -- Up-to-date symlink: /Users/amoralesma/Documents/projects/robotics/manipulator/install/robot_gazebo/share/robot_gazebo/package.xml
[0.359s] Invoked command in '/Users/amoralesma/Documents/projects/robotics/manipulator/build/robot_gazebo' returned '0': CONDA_PROMPT_MODIFIER=(ros-humble) SHLVL=2 _=/usr/bin/env /usr/local/Caskroom/miniforge/base/envs/ros-humble/bin/cmake --install /Users/amoralesma/Documents/projects/robotics/manipulator/build/robot_gazebo
