[0.032s] Invoking command in '/Users/amoralesma/Documents/projects/robotics/manipulator/build/robot_description': CONDA_PROMPT_MODIFIER=(ros-humble) SHLVL=2 _=/usr/bin/env /usr/local/Caskroom/miniforge/base/envs/ros-humble/bin/cmake --build /Users/amoralesma/Documents/projects/robotics/manipulator/build/robot_description -- -j8 -l8
[0.154s] Invoked command in '/Users/amoralesma/Documents/projects/robotics/manipulator/build/robot_description' returned '0': CONDA_PROMPT_MODIFIER=(ros-humble) SHLVL=2 _=/usr/bin/env /usr/local/Caskroom/miniforge/base/envs/ros-humble/bin/cmake --build /Users/amoralesma/Documents/projects/robotics/manipulator/build/robot_description -- -j8 -l8
[0.264s] Invoking command in '/Users/amoralesma/Documents/projects/robotics/manipulator/build/robot_description': CONDA_PROMPT_MODIFIER=(ros-humble) SHLVL=2 _=/usr/bin/env /usr/local/Caskroom/miniforge/base/envs/ros-humble/bin/cmake --install /Users/amoralesma/Documents/projects/robotics/manipulator/build/robot_description
[0.287s] -- Install configuration: ""
[0.287s] -- Execute custom install script
[0.288s] -- Up-to-date symlink: /Users/amoralesma/Documents/projects/robotics/manipulator/install/robot_description/share/robot_description//launch/launch_viz.py
[0.288s] -- Up-to-date symlink: /Users/amoralesma/Documents/projects/robotics/manipulator/install/robot_description/share/robot_description//launch/vizualize.xml
[0.289s] -- Up-to-date symlink: /Users/amoralesma/Documents/projects/robotics/manipulator/install/robot_description/share/ament_index/resource_index/package_run_dependencies/robot_description
[0.289s] -- Up-to-date symlink: /Users/amoralesma/Documents/projects/robotics/manipulator/install/robot_description/share/ament_index/resource_index/parent_prefix_path/robot_description
[0.289s] -- Up-to-date symlink: /Users/amoralesma/Documents/projects/robotics/manipulator/install/robot_description/share/robot_description/environment/ament_prefix_path.sh
[0.290s] -- Up-to-date symlink: /Users/amoralesma/Documents/projects/robotics/manipulator/install/robot_description/share/robot_description/environment/ament_prefix_path.dsv
[0.290s] -- Up-to-date symlink: /Users/amoralesma/Documents/projects/robotics/manipulator/install/robot_description/share/robot_description/environment/path.sh
[0.291s] -- Up-to-date symlink: /Users/amoralesma/Documents/projects/robotics/manipulator/install/robot_description/share/robot_description/environment/path.dsv
[0.291s] -- Up-to-date symlink: /Users/amoralesma/Documents/projects/robotics/manipulator/install/robot_description/share/robot_description/local_setup.bash
[0.292s] -- Up-to-date symlink: /Users/amoralesma/Documents/projects/robotics/manipulator/install/robot_description/share/robot_description/local_setup.sh
[0.292s] -- Up-to-date symlink: /Users/amoralesma/Documents/projects/robotics/manipulator/install/robot_description/share/robot_description/local_setup.zsh
[0.292s] -- Up-to-date symlink: /Users/amoralesma/Documents/projects/robotics/manipulator/install/robot_description/share/robot_description/local_setup.dsv
[0.292s] -- Symlinking: /Users/amoralesma/Documents/projects/robotics/manipulator/install/robot_description/share/robot_description/package.dsv
[0.318s] -- Up-to-date symlink: /Users/amoralesma/Documents/projects/robotics/manipulator/install/robot_description/share/ament_index/resource_index/packages/robot_description
[0.319s] -- Up-to-date symlink: /Users/amoralesma/Documents/projects/robotics/manipulator/install/robot_description/share/robot_description/cmake/robot_descriptionConfig.cmake
[0.319s] -- Up-to-date symlink: /Users/amoralesma/Documents/projects/robotics/manipulator/install/robot_description/share/robot_description/cmake/robot_descriptionConfig-version.cmake
[0.319s] -- Up-to-date symlink: /Users/amoralesma/Documents/projects/robotics/manipulator/install/robot_description/share/robot_description/package.xml
[0.321s] Invoked command in '/Users/amoralesma/Documents/projects/robotics/manipulator/build/robot_description' returned '0': CONDA_PROMPT_MODIFIER=(ros-humble) SHLVL=2 _=/usr/bin/env /usr/local/Caskroom/miniforge/base/envs/ros-humble/bin/cmake --install /Users/amoralesma/Documents/projects/robotics/manipulator/build/robot_description
