[0.053s] Invoking command in '/Users/amoralesma/Documents/projects/robotics/manipulator/build/robot_description': CONDA_PROMPT_MODIFIER=(ros-humble) SHLVL=2 _=/usr/bin/env /usr/local/Caskroom/miniforge/base/envs/ros-humble/bin/cmake --build /Users/amoralesma/Documents/projects/robotics/manipulator/build/robot_description -- -j8 -l8
[0.250s] -- Found ament_cmake: 1.3.7 (/usr/local/Caskroom/miniforge/base/envs/ros-humble/share/ament_cmake/cmake)
[0.909s] -- Override CMake install command with custom implementation using symlinks instead of copying resources
[0.982s] -- Found ament_lint_auto: 0.12.10 (/usr/local/Caskroom/miniforge/base/envs/ros-humble/share/ament_lint_auto/cmake)
[1.251s] -- Added test 'flake8' to check Python code syntax and style conventions
[1.254s] -- Added test 'lint_cmake' to check CMake code style
[1.256s] -- Added test 'pep257' to check Python code against some of the docstring style conventions in PEP 257
[1.267s] -- Added test 'xmllint' to check XML markup files
[1.272s] -- Configuring done (1.1s)
[1.297s] -- Generating done (0.0s)
[1.302s] -- Build files have been written to: /Users/amoralesma/Documents/projects/robotics/manipulator/build/robot_description
[1.362s] Invoked command in '/Users/amoralesma/Documents/projects/robotics/manipulator/build/robot_description' returned '0': CONDA_PROMPT_MODIFIER=(ros-humble) SHLVL=2 _=/usr/bin/env /usr/local/Caskroom/miniforge/base/envs/ros-humble/bin/cmake --build /Users/amoralesma/Documents/projects/robotics/manipulator/build/robot_description -- -j8 -l8
[1.440s] Invoking command in '/Users/amoralesma/Documents/projects/robotics/manipulator/build/robot_description': CONDA_PROMPT_MODIFIER=(ros-humble) SHLVL=2 _=/usr/bin/env /usr/local/Caskroom/miniforge/base/envs/ros-humble/bin/cmake --install /Users/amoralesma/Documents/projects/robotics/manipulator/build/robot_description
[1.463s] -- Install configuration: ""
[1.464s] -- Execute custom install script
[1.464s] -- Up-to-date symlink: /Users/amoralesma/Documents/projects/robotics/manipulator/install/robot_description/share/robot_description//launch/launch_viz.py
[1.465s] -- Up-to-date symlink: /Users/amoralesma/Documents/projects/robotics/manipulator/install/robot_description/share/robot_description//launch/vizualize.xml
[1.465s] -- Up-to-date symlink: /Users/amoralesma/Documents/projects/robotics/manipulator/install/robot_description/share/robot_description//xacro/gen3.xacro
[1.466s] -- Up-to-date symlink: /Users/amoralesma/Documents/projects/robotics/manipulator/install/robot_description/share/robot_description//xacro/gen3_robotiq_2f_140.xacro
[1.466s] -- Up-to-date symlink: /Users/amoralesma/Documents/projects/robotics/manipulator/install/robot_description/share/robot_description//xacro/gen3_robotiq_2f_85.xacro
[1.466s] -- Up-to-date symlink: /Users/amoralesma/Documents/projects/robotics/manipulator/install/robot_description/share/robot_description//xacro/kortex_robot.xacro
[1.467s] -- Up-to-date symlink: /Users/amoralesma/Documents/projects/robotics/manipulator/install/robot_description/share/robot_description//urdf/GEN3-6DOF_BRAKES_NO-VISION_URDF_ARM_V01.urdf
[1.467s] -- Up-to-date symlink: /Users/amoralesma/Documents/projects/robotics/manipulator/install/robot_description/share/robot_description//urdf/GEN3-6DOF_BRAKES_VISION_URDF_ARM_V01.urdf
[1.467s] -- Up-to-date symlink: /Users/amoralesma/Documents/projects/robotics/manipulator/install/robot_description/share/robot_description//urdf/GEN3-6DOF_NO-VISION_URDF_ARM_V01.urdf
[1.468s] -- Up-to-date symlink: /Users/amoralesma/Documents/projects/robotics/manipulator/install/robot_description/share/robot_description//urdf/GEN3-6DOF_VISION_URDF_ARM_V01.urdf
[1.468s] -- Up-to-date symlink: /Users/amoralesma/Documents/projects/robotics/manipulator/install/robot_description/share/robot_description//urdf/gen3_macro.xacro
[1.468s] -- Up-to-date symlink: /Users/amoralesma/Documents/projects/robotics/manipulator/install/robot_description/share/robot_description//urdf/gen3_transmission_macro.xacro
[1.469s] -- Up-to-date symlink: /Users/amoralesma/Documents/projects/robotics/manipulator/install/robot_description/share/robot_description//meshes/base_link.STL
[1.469s] -- Up-to-date symlink: /Users/amoralesma/Documents/projects/robotics/manipulator/install/robot_description/share/robot_description//meshes/bicep_link.STL
[1.469s] -- Up-to-date symlink: /Users/amoralesma/Documents/projects/robotics/manipulator/install/robot_description/share/robot_description//meshes/bracelet_no_vision_link.STL
[1.470s] -- Up-to-date symlink: /Users/amoralesma/Documents/projects/robotics/manipulator/install/robot_description/share/robot_description//meshes/bracelet_with_vision_link.STL
[1.470s] -- Up-to-date symlink: /Users/amoralesma/Documents/projects/robotics/manipulator/install/robot_description/share/robot_description//meshes/forearm_link.STL
[1.470s] -- Up-to-date symlink: /Users/amoralesma/Documents/projects/robotics/manipulator/install/robot_description/share/robot_description//meshes/shoulder_link.STL
[1.470s] -- Up-to-date symlink: /Users/amoralesma/Documents/projects/robotics/manipulator/install/robot_description/share/robot_description//meshes/spherical_wrist_1_link.STL
[1.471s] -- Up-to-date symlink: /Users/amoralesma/Documents/projects/robotics/manipulator/install/robot_description/share/robot_description//meshes/spherical_wrist_2_link.STL
[1.471s] -- Up-to-date symlink: /Users/amoralesma/Documents/projects/robotics/manipulator/install/robot_description/share/robot_description//rviz/rviz-config.rviz
[1.471s] -- Symlinking: /Users/amoralesma/Documents/projects/robotics/manipulator/install/robot_description/share/robot_description//config/gazebo_initial_joint_positions.yaml
[1.497s] -- Symlinking: /Users/amoralesma/Documents/projects/robotics/manipulator/install/robot_description/share/robot_description//config/joint_limits.yaml
[1.523s] -- Symlinking: /Users/amoralesma/Documents/projects/robotics/manipulator/install/robot_description/share/robot_description//config/rviz_zeros.yaml
[1.549s] -- Symlinking: /Users/amoralesma/Documents/projects/robotics/manipulator/install/robot_description/share/robot_description//config/twist_limits.yaml
[1.576s] -- Up-to-date symlink: /Users/amoralesma/Documents/projects/robotics/manipulator/install/robot_description/share/ament_index/resource_index/package_run_dependencies/robot_description
[1.576s] -- Up-to-date symlink: /Users/amoralesma/Documents/projects/robotics/manipulator/install/robot_description/share/ament_index/resource_index/parent_prefix_path/robot_description
[1.576s] -- Up-to-date symlink: /Users/amoralesma/Documents/projects/robotics/manipulator/install/robot_description/share/robot_description/environment/ament_prefix_path.sh
[1.577s] -- Up-to-date symlink: /Users/amoralesma/Documents/projects/robotics/manipulator/install/robot_description/share/robot_description/environment/ament_prefix_path.dsv
[1.577s] -- Up-to-date symlink: /Users/amoralesma/Documents/projects/robotics/manipulator/install/robot_description/share/robot_description/environment/path.sh
[1.578s] -- Up-to-date symlink: /Users/amoralesma/Documents/projects/robotics/manipulator/install/robot_description/share/robot_description/environment/path.dsv
[1.578s] -- Up-to-date symlink: /Users/amoralesma/Documents/projects/robotics/manipulator/install/robot_description/share/robot_description/local_setup.bash
[1.578s] -- Up-to-date symlink: /Users/amoralesma/Documents/projects/robotics/manipulator/install/robot_description/share/robot_description/local_setup.sh
[1.579s] -- Up-to-date symlink: /Users/amoralesma/Documents/projects/robotics/manipulator/install/robot_description/share/robot_description/local_setup.zsh
[1.579s] -- Up-to-date symlink: /Users/amoralesma/Documents/projects/robotics/manipulator/install/robot_description/share/robot_description/local_setup.dsv
[1.579s] -- Symlinking: /Users/amoralesma/Documents/projects/robotics/manipulator/install/robot_description/share/robot_description/package.dsv
[1.606s] -- Up-to-date symlink: /Users/amoralesma/Documents/projects/robotics/manipulator/install/robot_description/share/ament_index/resource_index/packages/robot_description
[1.606s] -- Up-to-date symlink: /Users/amoralesma/Documents/projects/robotics/manipulator/install/robot_description/share/robot_description/cmake/robot_descriptionConfig.cmake
[1.606s] -- Up-to-date symlink: /Users/amoralesma/Documents/projects/robotics/manipulator/install/robot_description/share/robot_description/cmake/robot_descriptionConfig-version.cmake
[1.606s] -- Up-to-date symlink: /Users/amoralesma/Documents/projects/robotics/manipulator/install/robot_description/share/robot_description/package.xml
[1.609s] Invoked command in '/Users/amoralesma/Documents/projects/robotics/manipulator/build/robot_description' returned '0': CONDA_PROMPT_MODIFIER=(ros-humble) SHLVL=2 _=/usr/bin/env /usr/local/Caskroom/miniforge/base/envs/ros-humble/bin/cmake --install /Users/amoralesma/Documents/projects/robotics/manipulator/build/robot_description
