[0.765s] [34mcolcon[0m [1;30mDEBUG[0m [32mCommand line arguments: ['/usr/local/Caskroom/miniforge/base/envs/ros-humble/bin/colcon', 'build'][0m
[0.766s] [34mcolcon[0m [1;30mDEBUG[0m [32mParsed command line arguments: Namespace(log_base=None, log_level=None, verb_name='build', build_base='build', install_base='install', merge_install=False, symlink_install=False, test_result_base=None, continue_on_error=False, executor='parallel', parallel_workers=8, event_handlers=None, ignore_user_meta=False, metas=['./colcon.meta'], base_paths=['.'], packages_ignore=None, packages_ignore_regex=None, paths=None, packages_up_to=None, packages_up_to_regex=None, packages_above=None, packages_above_and_dependencies=None, packages_above_depth=None, packages_select_by_dep=None, packages_skip_by_dep=None, packages_skip_up_to=None, packages_select_build_failed=False, packages_skip_build_finished=False, packages_select_test_failures=False, packages_skip_test_passed=False, packages_select=None, packages_skip=None, packages_select_regex=None, packages_skip_regex=None, packages_start=None, packages_end=None, cmake_args=None, cmake_target=None, cmake_target_skip_unavailable=False, cmake_clean_cache=False, cmake_clean_first=False, cmake_force_configure=False, ament_cmake_args=None, catkin_cmake_args=None, catkin_skip_building_tests=False, verb_parser=<colcon_defaults.argument_parser.defaults.DefaultArgumentsDecorator object at 0x10c277790>, verb_extension=<colcon_core.verb.build.BuildVerb object at 0x10c276810>, main=<bound method BuildVerb.main of <colcon_core.verb.build.BuildVerb object at 0x10c276810>>)[0m
[0.922s] [34mcolcon.colcon_core.package_discovery[0m [1;30mLevel 1[0m discover_packages(colcon_meta) check parameters
[0.922s] [34mcolcon.colcon_core.package_discovery[0m [1;30mLevel 1[0m discover_packages(recursive) check parameters
[0.922s] [34mcolcon.colcon_core.package_discovery[0m [1;30mLevel 1[0m discover_packages(ignore) check parameters
[0.922s] [34mcolcon.colcon_core.package_discovery[0m [1;30mLevel 1[0m discover_packages(path) check parameters
[0.922s] [34mcolcon.colcon_core.package_discovery[0m [1;30mLevel 1[0m discover_packages(colcon_meta) discover
[0.922s] [34mcolcon.colcon_core.package_discovery[0m [1;30mLevel 1[0m discover_packages(recursive) discover
[0.922s] [34mcolcon.colcon_core.package_discovery[0m [1;30mINFO[0m Crawling recursively for packages in '/Users/amoralesma/Documents/projects/robotics/manipulator'
[0.922s] [34mcolcon.colcon_core.package_identification[0m [1;30mLevel 1[0m _identify(.) by extensions ['ignore', 'ignore_ament_install']
[0.923s] [34mcolcon.colcon_core.package_identification[0m [1;30mLevel 1[0m _identify(.) by extension 'ignore'
[0.923s] [34mcolcon.colcon_core.package_identification[0m [1;30mLevel 1[0m _identify(.) by extension 'ignore_ament_install'
[0.923s] [34mcolcon.colcon_core.package_identification[0m [1;30mLevel 1[0m _identify(.) by extensions ['colcon_pkg']
[0.923s] [34mcolcon.colcon_core.package_identification[0m [1;30mLevel 1[0m _identify(.) by extension 'colcon_pkg'
[0.923s] [34mcolcon.colcon_core.package_identification[0m [1;30mLevel 1[0m _identify(.) by extensions ['colcon_meta']
[0.923s] [34mcolcon.colcon_core.package_identification[0m [1;30mLevel 1[0m _identify(.) by extension 'colcon_meta'
[0.923s] [34mcolcon.colcon_core.package_identification[0m [1;30mLevel 1[0m _identify(.) by extensions ['ros']
[0.923s] [34mcolcon.colcon_core.package_identification[0m [1;30mLevel 1[0m _identify(.) by extension 'ros'
[1.003s] [34mcolcon.colcon_core.package_identification[0m [1;30mLevel 1[0m _identify(.) by extensions ['cmake', 'python']
[1.003s] [34mcolcon.colcon_core.package_identification[0m [1;30mLevel 1[0m _identify(.) by extension 'cmake'
[1.003s] [34mcolcon.colcon_core.package_identification[0m [1;30mLevel 1[0m _identify(.) by extension 'python'
[1.003s] [34mcolcon.colcon_core.package_identification[0m [1;30mLevel 1[0m _identify(.) by extensions ['python_setup_py']
[1.003s] [34mcolcon.colcon_core.package_identification[0m [1;30mLevel 1[0m _identify(.) by extension 'python_setup_py'
[1.004s] [34mcolcon.colcon_core.package_identification[0m [1;30mLevel 1[0m _identify(build) by extensions ['ignore', 'ignore_ament_install']
[1.004s] [34mcolcon.colcon_core.package_identification[0m [1;30mLevel 1[0m _identify(build) by extension 'ignore'
[1.004s] [34mcolcon.colcon_core.package_identification[0m [1;30mLevel 1[0m _identify(build) ignored
[1.004s] [34mcolcon.colcon_core.package_identification[0m [1;30mLevel 1[0m _identify(install) by extensions ['ignore', 'ignore_ament_install']
[1.004s] [34mcolcon.colcon_core.package_identification[0m [1;30mLevel 1[0m _identify(install) by extension 'ignore'
[1.004s] [34mcolcon.colcon_core.package_identification[0m [1;30mLevel 1[0m _identify(install) ignored
[1.005s] [34mcolcon.colcon_core.package_identification[0m [1;30mLevel 1[0m _identify(log) by extensions ['ignore', 'ignore_ament_install']
[1.005s] [34mcolcon.colcon_core.package_identification[0m [1;30mLevel 1[0m _identify(log) by extension 'ignore'
[1.005s] [34mcolcon.colcon_core.package_identification[0m [1;30mLevel 1[0m _identify(log) ignored
[1.005s] [34mcolcon.colcon_core.package_identification[0m [1;30mLevel 1[0m _identify(src) by extensions ['ignore', 'ignore_ament_install']
[1.005s] [34mcolcon.colcon_core.package_identification[0m [1;30mLevel 1[0m _identify(src) by extension 'ignore'
[1.005s] [34mcolcon.colcon_core.package_identification[0m [1;30mLevel 1[0m _identify(src) by extension 'ignore_ament_install'
[1.005s] [34mcolcon.colcon_core.package_identification[0m [1;30mLevel 1[0m _identify(src) by extensions ['colcon_pkg']
[1.005s] [34mcolcon.colcon_core.package_identification[0m [1;30mLevel 1[0m _identify(src) by extension 'colcon_pkg'
[1.005s] [34mcolcon.colcon_core.package_identification[0m [1;30mLevel 1[0m _identify(src) by extensions ['colcon_meta']
[1.006s] [34mcolcon.colcon_core.package_identification[0m [1;30mLevel 1[0m _identify(src) by extension 'colcon_meta'
[1.006s] [34mcolcon.colcon_core.package_identification[0m [1;30mLevel 1[0m _identify(src) by extensions ['ros']
[1.006s] [34mcolcon.colcon_core.package_identification[0m [1;30mLevel 1[0m _identify(src) by extension 'ros'
[1.006s] [34mcolcon.colcon_core.package_identification[0m [1;30mLevel 1[0m _identify(src) by extensions ['cmake', 'python']
[1.006s] [34mcolcon.colcon_core.package_identification[0m [1;30mLevel 1[0m _identify(src) by extension 'cmake'
[1.006s] [34mcolcon.colcon_core.package_identification[0m [1;30mLevel 1[0m _identify(src) by extension 'python'
[1.006s] [34mcolcon.colcon_core.package_identification[0m [1;30mLevel 1[0m _identify(src) by extensions ['python_setup_py']
[1.006s] [34mcolcon.colcon_core.package_identification[0m [1;30mLevel 1[0m _identify(src) by extension 'python_setup_py'
[1.006s] [34mcolcon.colcon_core.package_identification[0m [1;30mLevel 1[0m _identify(src/robot_description) by extensions ['ignore', 'ignore_ament_install']
[1.006s] [34mcolcon.colcon_core.package_identification[0m [1;30mLevel 1[0m _identify(src/robot_description) by extension 'ignore'
[1.006s] [34mcolcon.colcon_core.package_identification[0m [1;30mLevel 1[0m _identify(src/robot_description) by extension 'ignore_ament_install'
[1.006s] [34mcolcon.colcon_core.package_identification[0m [1;30mLevel 1[0m _identify(src/robot_description) by extensions ['colcon_pkg']
[1.006s] [34mcolcon.colcon_core.package_identification[0m [1;30mLevel 1[0m _identify(src/robot_description) by extension 'colcon_pkg'
[1.006s] [34mcolcon.colcon_core.package_identification[0m [1;30mLevel 1[0m _identify(src/robot_description) by extensions ['colcon_meta']
[1.007s] [34mcolcon.colcon_core.package_identification[0m [1;30mLevel 1[0m _identify(src/robot_description) by extension 'colcon_meta'
[1.007s] [34mcolcon.colcon_core.package_identification[0m [1;30mLevel 1[0m _identify(src/robot_description) by extensions ['ros']
[1.007s] [34mcolcon.colcon_core.package_identification[0m [1;30mLevel 1[0m _identify(src/robot_description) by extension 'ros'
[1.013s] [34mcolcon.colcon_core.package_identification[0m [1;30mDEBUG[0m [32mPackage 'src/robot_description' with type 'ros.ament_cmake' and name 'robot_description'[0m
[1.013s] [34mcolcon.colcon_core.package_identification[0m [1;30mLevel 1[0m _identify(src/robot_gazebo) by extensions ['ignore', 'ignore_ament_install']
[1.013s] [34mcolcon.colcon_core.package_identification[0m [1;30mLevel 1[0m _identify(src/robot_gazebo) by extension 'ignore'
[1.013s] [34mcolcon.colcon_core.package_identification[0m [1;30mLevel 1[0m _identify(src/robot_gazebo) by extension 'ignore_ament_install'
[1.014s] [34mcolcon.colcon_core.package_identification[0m [1;30mLevel 1[0m _identify(src/robot_gazebo) by extensions ['colcon_pkg']
[1.014s] [34mcolcon.colcon_core.package_identification[0m [1;30mLevel 1[0m _identify(src/robot_gazebo) by extension 'colcon_pkg'
[1.014s] [34mcolcon.colcon_core.package_identification[0m [1;30mLevel 1[0m _identify(src/robot_gazebo) by extensions ['colcon_meta']
[1.014s] [34mcolcon.colcon_core.package_identification[0m [1;30mLevel 1[0m _identify(src/robot_gazebo) by extension 'colcon_meta'
[1.014s] [34mcolcon.colcon_core.package_identification[0m [1;30mLevel 1[0m _identify(src/robot_gazebo) by extensions ['ros']
[1.014s] [34mcolcon.colcon_core.package_identification[0m [1;30mLevel 1[0m _identify(src/robot_gazebo) by extension 'ros'
[1.015s] [34mcolcon.colcon_core.package_identification[0m [1;30mDEBUG[0m [32mPackage 'src/robot_gazebo' with type 'ros.ament_cmake' and name 'robot_gazebo'[0m
[1.015s] [34mcolcon.colcon_core.package_discovery[0m [1;30mLevel 1[0m discover_packages(recursive) using defaults
[1.016s] [34mcolcon.colcon_core.package_discovery[0m [1;30mLevel 1[0m discover_packages(ignore) discover
[1.016s] [34mcolcon.colcon_core.package_discovery[0m [1;30mLevel 1[0m discover_packages(ignore) using defaults
[1.016s] [34mcolcon.colcon_core.package_discovery[0m [1;30mLevel 1[0m discover_packages(path) discover
[1.016s] [34mcolcon.colcon_core.package_discovery[0m [1;30mLevel 1[0m discover_packages(path) using defaults
[1.068s] [34mcolcon.colcon_core.verb[0m [1;30mLevel 5[0m set package 'robot_description' build argument 'cmake_args' from command line to 'None'
[1.068s] [34mcolcon.colcon_core.verb[0m [1;30mLevel 5[0m set package 'robot_description' build argument 'cmake_target' from command line to 'None'
[1.068s] [34mcolcon.colcon_core.verb[0m [1;30mLevel 5[0m set package 'robot_description' build argument 'cmake_target_skip_unavailable' from command line to 'False'
[1.068s] [34mcolcon.colcon_core.verb[0m [1;30mLevel 5[0m set package 'robot_description' build argument 'cmake_clean_cache' from command line to 'False'
[1.068s] [34mcolcon.colcon_core.verb[0m [1;30mLevel 5[0m set package 'robot_description' build argument 'cmake_clean_first' from command line to 'False'
[1.068s] [34mcolcon.colcon_core.verb[0m [1;30mLevel 5[0m set package 'robot_description' build argument 'cmake_force_configure' from command line to 'False'
[1.068s] [34mcolcon.colcon_core.verb[0m [1;30mLevel 5[0m set package 'robot_description' build argument 'ament_cmake_args' from command line to 'None'
[1.068s] [34mcolcon.colcon_core.verb[0m [1;30mLevel 5[0m set package 'robot_description' build argument 'catkin_cmake_args' from command line to 'None'
[1.069s] [34mcolcon.colcon_core.verb[0m [1;30mLevel 5[0m set package 'robot_description' build argument 'catkin_skip_building_tests' from command line to 'False'
[1.069s] [34mcolcon.colcon_core.verb[0m [1;30mDEBUG[0m [32mBuilding package 'robot_description' with the following arguments: {'ament_cmake_args': None, 'build_base': '/Users/amoralesma/Documents/projects/robotics/manipulator/build/robot_description', 'catkin_cmake_args': None, 'catkin_skip_building_tests': False, 'cmake_args': None, 'cmake_clean_cache': False, 'cmake_clean_first': False, 'cmake_force_configure': False, 'cmake_target': None, 'cmake_target_skip_unavailable': False, 'install_base': '/Users/amoralesma/Documents/projects/robotics/manipulator/install/robot_description', 'merge_install': False, 'path': '/Users/amoralesma/Documents/projects/robotics/manipulator/src/robot_description', 'symlink_install': False, 'test_result_base': None}[0m
[1.069s] [34mcolcon.colcon_core.verb[0m [1;30mLevel 5[0m set package 'robot_gazebo' build argument 'cmake_args' from command line to 'None'
[1.069s] [34mcolcon.colcon_core.verb[0m [1;30mLevel 5[0m set package 'robot_gazebo' build argument 'cmake_target' from command line to 'None'
[1.069s] [34mcolcon.colcon_core.verb[0m [1;30mLevel 5[0m set package 'robot_gazebo' build argument 'cmake_target_skip_unavailable' from command line to 'False'
[1.069s] [34mcolcon.colcon_core.verb[0m [1;30mLevel 5[0m set package 'robot_gazebo' build argument 'cmake_clean_cache' from command line to 'False'
[1.069s] [34mcolcon.colcon_core.verb[0m [1;30mLevel 5[0m set package 'robot_gazebo' build argument 'cmake_clean_first' from command line to 'False'
[1.069s] [34mcolcon.colcon_core.verb[0m [1;30mLevel 5[0m set package 'robot_gazebo' build argument 'cmake_force_configure' from command line to 'False'
[1.069s] [34mcolcon.colcon_core.verb[0m [1;30mLevel 5[0m set package 'robot_gazebo' build argument 'ament_cmake_args' from command line to 'None'
[1.070s] [34mcolcon.colcon_core.verb[0m [1;30mLevel 5[0m set package 'robot_gazebo' build argument 'catkin_cmake_args' from command line to 'None'
[1.070s] [34mcolcon.colcon_core.verb[0m [1;30mLevel 5[0m set package 'robot_gazebo' build argument 'catkin_skip_building_tests' from command line to 'False'
[1.070s] [34mcolcon.colcon_core.verb[0m [1;30mDEBUG[0m [32mBuilding package 'robot_gazebo' with the following arguments: {'ament_cmake_args': None, 'build_base': '/Users/amoralesma/Documents/projects/robotics/manipulator/build/robot_gazebo', 'catkin_cmake_args': None, 'catkin_skip_building_tests': False, 'cmake_args': None, 'cmake_clean_cache': False, 'cmake_clean_first': False, 'cmake_force_configure': False, 'cmake_target': None, 'cmake_target_skip_unavailable': False, 'install_base': '/Users/amoralesma/Documents/projects/robotics/manipulator/install/robot_gazebo', 'merge_install': False, 'path': '/Users/amoralesma/Documents/projects/robotics/manipulator/src/robot_gazebo', 'symlink_install': False, 'test_result_base': None}[0m
[1.070s] [34mcolcon.colcon_core.executor[0m [1;30mINFO[0m Executing jobs using 'parallel' executor
[1.071s] [34mcolcon.colcon_parallel_executor.executor.parallel[0m [1;30mDEBUG[0m [32mrun_until_complete[0m
[1.071s] [34mcolcon.colcon_ros.task.ament_cmake.build[0m [1;30mINFO[0m Building ROS package in '/Users/amoralesma/Documents/projects/robotics/manipulator/src/robot_description' with build type 'ament_cmake'
[1.071s] [34mcolcon.colcon_cmake.task.cmake.build[0m [1;30mINFO[0m Building CMake package in '/Users/amoralesma/Documents/projects/robotics/manipulator/src/robot_description'
[1.079s] [34mcolcon.colcon_core.plugin_system[0m [1;30mINFO[0m Skipping extension 'colcon_core.shell.bat': Not used on non-Windows systems
[1.079s] [34mcolcon.colcon_core.shell[0m [1;30mINFO[0m Skip shell extension 'powershell' for command environment: Not usable outside of PowerShell
[1.080s] [34mcolcon.colcon_core.shell[0m [1;30mDEBUG[0m [32mSkip shell extension 'dsv' for command environment[0m
[1.083s] [34mcolcon.colcon_core.prefix_path.colcon[0m [1;30mWARNING[0m [33mThe path '/Users/amoralesma/Documents/projects/robotics/manipulator/src/install' in the environment variable COLCON_PREFIX_PATH doesn't exist[0m
[1.084s] [34mcolcon.colcon_ros.prefix_path.ament[0m [1;30mWARNING[0m [33mThe path '/Users/amoralesma/Documents/projects/robotics/manipulator/src/install/robot_gazebo' in the environment variable AMENT_PREFIX_PATH doesn't exist[0m
[1.084s] [34mcolcon.colcon_ros.prefix_path.ament[0m [1;30mWARNING[0m [33mThe path '/Users/amoralesma/Documents/projects/robotics/manipulator/src/install/robot_description' in the environment variable AMENT_PREFIX_PATH doesn't exist[0m
[1.086s] [34mcolcon.colcon_ros.prefix_path.catkin[0m [1;30mWARNING[0m [33mThe path '/Users/amoralesma/Documents/projects/robotics/manipulator/src/install/robot_gazebo' in the environment variable CMAKE_PREFIX_PATH doesn't exist[0m
[1.086s] [34mcolcon.colcon_ros.prefix_path.catkin[0m [1;30mWARNING[0m [33mThe path '/Users/amoralesma/Documents/projects/robotics/manipulator/src/install/robot_description' in the environment variable CMAKE_PREFIX_PATH doesn't exist[0m
[1.103s] [34mcolcon.colcon_ros.task.ament_cmake.build[0m [1;30mINFO[0m Building ROS package in '/Users/amoralesma/Documents/projects/robotics/manipulator/src/robot_gazebo' with build type 'ament_cmake'
[1.103s] [34mcolcon.colcon_cmake.task.cmake.build[0m [1;30mINFO[0m Building CMake package in '/Users/amoralesma/Documents/projects/robotics/manipulator/src/robot_gazebo'
[1.104s] [34mcolcon.colcon_core.shell[0m [1;30mINFO[0m Skip shell extension 'powershell' for command environment: Not usable outside of PowerShell
[1.104s] [34mcolcon.colcon_core.shell[0m [1;30mDEBUG[0m [32mSkip shell extension 'dsv' for command environment[0m
[1.126s] [34mcolcon.colcon_core.event_handler.log_command[0m [1;30mDEBUG[0m [32mInvoking command in '/Users/amoralesma/Documents/projects/robotics/manipulator/build/robot_description': CONDA_PROMPT_MODIFIER=(ros-humble) SHLVL=2 _=/usr/bin/env /usr/local/Caskroom/miniforge/base/envs/ros-humble/bin/cmake --build /Users/amoralesma/Documents/projects/robotics/manipulator/build/robot_description -- -j8 -l8[0m
[1.135s] [34mcolcon.colcon_core.event_handler.log_command[0m [1;30mDEBUG[0m [32mInvoking command in '/Users/amoralesma/Documents/projects/robotics/manipulator/build/robot_gazebo': CONDA_PROMPT_MODIFIER=(ros-humble) SHLVL=2 _=/usr/bin/env /usr/local/Caskroom/miniforge/base/envs/ros-humble/bin/cmake --build /Users/amoralesma/Documents/projects/robotics/manipulator/build/robot_gazebo -- -j8 -l8[0m
[1.356s] [34mcolcon.colcon_core.event_handler.log_command[0m [1;30mDEBUG[0m [32mInvoked command in '/Users/amoralesma/Documents/projects/robotics/manipulator/build/robot_gazebo' returned '0': CONDA_PROMPT_MODIFIER=(ros-humble) SHLVL=2 _=/usr/bin/env /usr/local/Caskroom/miniforge/base/envs/ros-humble/bin/cmake --build /Users/amoralesma/Documents/projects/robotics/manipulator/build/robot_gazebo -- -j8 -l8[0m
[1.364s] [34mcolcon.colcon_core.event_handler.log_command[0m [1;30mDEBUG[0m [32mInvoked command in '/Users/amoralesma/Documents/projects/robotics/manipulator/build/robot_description' returned '0': CONDA_PROMPT_MODIFIER=(ros-humble) SHLVL=2 _=/usr/bin/env /usr/local/Caskroom/miniforge/base/envs/ros-humble/bin/cmake --build /Users/amoralesma/Documents/projects/robotics/manipulator/build/robot_description -- -j8 -l8[0m
[1.469s] [34mcolcon.colcon_core.event_handler.log_command[0m [1;30mDEBUG[0m [32mInvoking command in '/Users/amoralesma/Documents/projects/robotics/manipulator/build/robot_gazebo': CONDA_PROMPT_MODIFIER=(ros-humble) SHLVL=2 _=/usr/bin/env /usr/local/Caskroom/miniforge/base/envs/ros-humble/bin/cmake --install /Users/amoralesma/Documents/projects/robotics/manipulator/build/robot_gazebo[0m
[1.475s] [34mcolcon.colcon_core.event_handler.log_command[0m [1;30mDEBUG[0m [32mInvoking command in '/Users/amoralesma/Documents/projects/robotics/manipulator/build/robot_description': CONDA_PROMPT_MODIFIER=(ros-humble) SHLVL=2 _=/usr/bin/env /usr/local/Caskroom/miniforge/base/envs/ros-humble/bin/cmake --install /Users/amoralesma/Documents/projects/robotics/manipulator/build/robot_description[0m
[1.544s] [34mcolcon.colcon_core.environment[0m [1;30mLevel 1[0m create_environment_scripts_only(robot_gazebo)
[1.546s] [34mcolcon.colcon_core.event_handler.log_command[0m [1;30mDEBUG[0m [32mInvoked command in '/Users/amoralesma/Documents/projects/robotics/manipulator/build/robot_gazebo' returned '0': CONDA_PROMPT_MODIFIER=(ros-humble) SHLVL=2 _=/usr/bin/env /usr/local/Caskroom/miniforge/base/envs/ros-humble/bin/cmake --install /Users/amoralesma/Documents/projects/robotics/manipulator/build/robot_gazebo[0m
[1.553s] [34mcolcon.colcon_core.environment[0m [1;30mLevel 1[0m checking '/Users/amoralesma/Documents/projects/robotics/manipulator/install/robot_gazebo' for CMake module files
[1.554s] [34mcolcon.colcon_core.environment[0m [1;30mLevel 1[0m checking '/Users/amoralesma/Documents/projects/robotics/manipulator/install/robot_gazebo' for CMake config files
[1.554s] [34mcolcon.colcon_core.shell[0m [1;30mLevel 1[0m create_environment_hook('robot_gazebo', 'cmake_prefix_path')
[1.555s] [34mcolcon.colcon_core.shell[0m [1;30mINFO[0m Creating environment hook '/Users/amoralesma/Documents/projects/robotics/manipulator/install/robot_gazebo/share/robot_gazebo/hook/cmake_prefix_path.ps1'
[1.556s] [34mcolcon.colcon_core.shell[0m [1;30mINFO[0m Creating environment descriptor '/Users/amoralesma/Documents/projects/robotics/manipulator/install/robot_gazebo/share/robot_gazebo/hook/cmake_prefix_path.dsv'
[1.558s] [34mcolcon.colcon_core.shell[0m [1;30mINFO[0m Creating environment hook '/Users/amoralesma/Documents/projects/robotics/manipulator/install/robot_gazebo/share/robot_gazebo/hook/cmake_prefix_path.sh'
[1.560s] [34mcolcon.colcon_core.environment[0m [1;30mLevel 1[0m checking '/Users/amoralesma/Documents/projects/robotics/manipulator/install/robot_gazebo/lib'
[1.560s] [34mcolcon.colcon_core.environment[0m [1;30mLevel 1[0m checking '/Users/amoralesma/Documents/projects/robotics/manipulator/install/robot_gazebo/bin'
[1.560s] [34mcolcon.colcon_core.environment[0m [1;30mLevel 1[0m checking '/Users/amoralesma/Documents/projects/robotics/manipulator/install/robot_gazebo/lib/pkgconfig/robot_gazebo.pc'
[1.561s] [34mcolcon.colcon_core.environment[0m [1;30mLevel 1[0m checking '/Users/amoralesma/Documents/projects/robotics/manipulator/install/robot_gazebo/lib/python3.11/site-packages'
[1.561s] [34mcolcon.colcon_core.environment[0m [1;30mLevel 1[0m checking '/Users/amoralesma/Documents/projects/robotics/manipulator/install/robot_gazebo/bin'
[1.561s] [34mcolcon.colcon_core.shell[0m [1;30mINFO[0m Creating package script '/Users/amoralesma/Documents/projects/robotics/manipulator/install/robot_gazebo/share/robot_gazebo/package.ps1'
[1.562s] [34mcolcon.colcon_core.shell[0m [1;30mINFO[0m Creating package descriptor '/Users/amoralesma/Documents/projects/robotics/manipulator/install/robot_gazebo/share/robot_gazebo/package.dsv'
[1.564s] [34mcolcon.colcon_core.shell[0m [1;30mINFO[0m Creating package script '/Users/amoralesma/Documents/projects/robotics/manipulator/install/robot_gazebo/share/robot_gazebo/package.sh'
[1.565s] [34mcolcon.colcon_core.shell[0m [1;30mINFO[0m Creating package script '/Users/amoralesma/Documents/projects/robotics/manipulator/install/robot_gazebo/share/robot_gazebo/package.bash'
[1.566s] [34mcolcon.colcon_core.shell[0m [1;30mINFO[0m Creating package script '/Users/amoralesma/Documents/projects/robotics/manipulator/install/robot_gazebo/share/robot_gazebo/package.zsh'
[1.567s] [34mcolcon.colcon_core.environment[0m [1;30mLevel 1[0m create_file_with_runtime_dependencies(/Users/amoralesma/Documents/projects/robotics/manipulator/install/robot_gazebo/share/colcon-core/packages/robot_gazebo)
[1.573s] [34mcolcon.colcon_core.environment[0m [1;30mLevel 1[0m create_environment_scripts_only(robot_description)
[1.574s] [34mcolcon.colcon_core.environment[0m [1;30mLevel 1[0m checking '/Users/amoralesma/Documents/projects/robotics/manipulator/install/robot_description' for CMake module files
[1.575s] [34mcolcon.colcon_core.environment[0m [1;30mLevel 1[0m checking '/Users/amoralesma/Documents/projects/robotics/manipulator/install/robot_description' for CMake config files
[1.575s] [34mcolcon.colcon_core.shell[0m [1;30mLevel 1[0m create_environment_hook('robot_description', 'cmake_prefix_path')
[1.576s] [34mcolcon.colcon_core.event_handler.log_command[0m [1;30mDEBUG[0m [32mInvoked command in '/Users/amoralesma/Documents/projects/robotics/manipulator/build/robot_description' returned '0': CONDA_PROMPT_MODIFIER=(ros-humble) SHLVL=2 _=/usr/bin/env /usr/local/Caskroom/miniforge/base/envs/ros-humble/bin/cmake --install /Users/amoralesma/Documents/projects/robotics/manipulator/build/robot_description[0m
[1.576s] [34mcolcon.colcon_core.shell[0m [1;30mINFO[0m Creating environment hook '/Users/amoralesma/Documents/projects/robotics/manipulator/install/robot_description/share/robot_description/hook/cmake_prefix_path.ps1'
[1.577s] [34mcolcon.colcon_core.shell[0m [1;30mINFO[0m Creating environment descriptor '/Users/amoralesma/Documents/projects/robotics/manipulator/install/robot_description/share/robot_description/hook/cmake_prefix_path.dsv'
[1.577s] [34mcolcon.colcon_core.shell[0m [1;30mINFO[0m Creating environment hook '/Users/amoralesma/Documents/projects/robotics/manipulator/install/robot_description/share/robot_description/hook/cmake_prefix_path.sh'
[1.578s] [34mcolcon.colcon_core.environment[0m [1;30mLevel 1[0m checking '/Users/amoralesma/Documents/projects/robotics/manipulator/install/robot_description/lib'
[1.578s] [34mcolcon.colcon_core.environment[0m [1;30mLevel 1[0m checking '/Users/amoralesma/Documents/projects/robotics/manipulator/install/robot_description/bin'
[1.578s] [34mcolcon.colcon_core.environment[0m [1;30mLevel 1[0m checking '/Users/amoralesma/Documents/projects/robotics/manipulator/install/robot_description/lib/pkgconfig/robot_description.pc'
[1.579s] [34mcolcon.colcon_core.environment[0m [1;30mLevel 1[0m checking '/Users/amoralesma/Documents/projects/robotics/manipulator/install/robot_description/lib/python3.11/site-packages'
[1.579s] [34mcolcon.colcon_core.environment[0m [1;30mLevel 1[0m checking '/Users/amoralesma/Documents/projects/robotics/manipulator/install/robot_description/bin'
[1.579s] [34mcolcon.colcon_core.shell[0m [1;30mINFO[0m Creating package script '/Users/amoralesma/Documents/projects/robotics/manipulator/install/robot_description/share/robot_description/package.ps1'
[1.580s] [34mcolcon.colcon_core.shell[0m [1;30mINFO[0m Creating package descriptor '/Users/amoralesma/Documents/projects/robotics/manipulator/install/robot_description/share/robot_description/package.dsv'
[1.581s] [34mcolcon.colcon_core.shell[0m [1;30mINFO[0m Creating package script '/Users/amoralesma/Documents/projects/robotics/manipulator/install/robot_description/share/robot_description/package.sh'
[1.582s] [34mcolcon.colcon_core.shell[0m [1;30mINFO[0m Creating package script '/Users/amoralesma/Documents/projects/robotics/manipulator/install/robot_description/share/robot_description/package.bash'
[1.582s] [34mcolcon.colcon_core.shell[0m [1;30mINFO[0m Creating package script '/Users/amoralesma/Documents/projects/robotics/manipulator/install/robot_description/share/robot_description/package.zsh'
[1.583s] [34mcolcon.colcon_core.environment[0m [1;30mLevel 1[0m create_file_with_runtime_dependencies(/Users/amoralesma/Documents/projects/robotics/manipulator/install/robot_description/share/colcon-core/packages/robot_description)
[1.668s] [34mcolcon.colcon_core.environment[0m [1;30mLevel 1[0m create_environment_scripts_only(robot_gazebo)
[1.668s] [34mcolcon.colcon_core.environment[0m [1;30mLevel 1[0m checking '/Users/amoralesma/Documents/projects/robotics/manipulator/install/robot_gazebo' for CMake module files
[1.669s] [34mcolcon.colcon_core.environment[0m [1;30mLevel 1[0m checking '/Users/amoralesma/Documents/projects/robotics/manipulator/install/robot_gazebo' for CMake config files
[1.669s] [34mcolcon.colcon_core.shell[0m [1;30mLevel 1[0m create_environment_hook('robot_gazebo', 'cmake_prefix_path')
[1.670s] [34mcolcon.colcon_core.shell[0m [1;30mINFO[0m Creating environment hook '/Users/amoralesma/Documents/projects/robotics/manipulator/install/robot_gazebo/share/robot_gazebo/hook/cmake_prefix_path.ps1'
[1.670s] [34mcolcon.colcon_core.shell[0m [1;30mINFO[0m Creating environment descriptor '/Users/amoralesma/Documents/projects/robotics/manipulator/install/robot_gazebo/share/robot_gazebo/hook/cmake_prefix_path.dsv'
[1.671s] [34mcolcon.colcon_core.shell[0m [1;30mINFO[0m Creating environment hook '/Users/amoralesma/Documents/projects/robotics/manipulator/install/robot_gazebo/share/robot_gazebo/hook/cmake_prefix_path.sh'
[1.671s] [34mcolcon.colcon_core.environment[0m [1;30mLevel 1[0m checking '/Users/amoralesma/Documents/projects/robotics/manipulator/install/robot_gazebo/lib'
[1.671s] [34mcolcon.colcon_core.environment[0m [1;30mLevel 1[0m checking '/Users/amoralesma/Documents/projects/robotics/manipulator/install/robot_gazebo/bin'
[1.672s] [34mcolcon.colcon_core.environment[0m [1;30mLevel 1[0m checking '/Users/amoralesma/Documents/projects/robotics/manipulator/install/robot_gazebo/lib/pkgconfig/robot_gazebo.pc'
[1.672s] [34mcolcon.colcon_core.environment[0m [1;30mLevel 1[0m checking '/Users/amoralesma/Documents/projects/robotics/manipulator/install/robot_gazebo/lib/python3.11/site-packages'
[1.672s] [34mcolcon.colcon_core.environment[0m [1;30mLevel 1[0m checking '/Users/amoralesma/Documents/projects/robotics/manipulator/install/robot_gazebo/bin'
[1.672s] [34mcolcon.colcon_core.shell[0m [1;30mINFO[0m Creating package script '/Users/amoralesma/Documents/projects/robotics/manipulator/install/robot_gazebo/share/robot_gazebo/package.ps1'
[1.673s] [34mcolcon.colcon_core.shell[0m [1;30mINFO[0m Creating package descriptor '/Users/amoralesma/Documents/projects/robotics/manipulator/install/robot_gazebo/share/robot_gazebo/package.dsv'
[1.674s] [34mcolcon.colcon_core.shell[0m [1;30mINFO[0m Creating package script '/Users/amoralesma/Documents/projects/robotics/manipulator/install/robot_gazebo/share/robot_gazebo/package.sh'
[1.675s] [34mcolcon.colcon_core.shell[0m [1;30mINFO[0m Creating package script '/Users/amoralesma/Documents/projects/robotics/manipulator/install/robot_gazebo/share/robot_gazebo/package.bash'
[1.675s] [34mcolcon.colcon_core.shell[0m [1;30mINFO[0m Creating package script '/Users/amoralesma/Documents/projects/robotics/manipulator/install/robot_gazebo/share/robot_gazebo/package.zsh'
[1.675s] [34mcolcon.colcon_core.environment[0m [1;30mLevel 1[0m create_file_with_runtime_dependencies(/Users/amoralesma/Documents/projects/robotics/manipulator/install/robot_gazebo/share/colcon-core/packages/robot_gazebo)
[1.677s] [34mcolcon.colcon_core.environment[0m [1;30mLevel 1[0m create_environment_scripts_only(robot_description)
[1.678s] [34mcolcon.colcon_core.environment[0m [1;30mLevel 1[0m checking '/Users/amoralesma/Documents/projects/robotics/manipulator/install/robot_description' for CMake module files
[1.679s] [34mcolcon.colcon_core.environment[0m [1;30mLevel 1[0m checking '/Users/amoralesma/Documents/projects/robotics/manipulator/install/robot_description' for CMake config files
[1.679s] [34mcolcon.colcon_core.shell[0m [1;30mLevel 1[0m create_environment_hook('robot_description', 'cmake_prefix_path')
[1.679s] [34mcolcon.colcon_core.shell[0m [1;30mINFO[0m Creating environment hook '/Users/amoralesma/Documents/projects/robotics/manipulator/install/robot_description/share/robot_description/hook/cmake_prefix_path.ps1'
[1.680s] [34mcolcon.colcon_core.shell[0m [1;30mINFO[0m Creating environment descriptor '/Users/amoralesma/Documents/projects/robotics/manipulator/install/robot_description/share/robot_description/hook/cmake_prefix_path.dsv'
[1.681s] [34mcolcon.colcon_core.shell[0m [1;30mINFO[0m Creating environment hook '/Users/amoralesma/Documents/projects/robotics/manipulator/install/robot_description/share/robot_description/hook/cmake_prefix_path.sh'
[1.682s] [34mcolcon.colcon_core.environment[0m [1;30mLevel 1[0m checking '/Users/amoralesma/Documents/projects/robotics/manipulator/install/robot_description/lib'
[1.682s] [34mcolcon.colcon_core.environment[0m [1;30mLevel 1[0m checking '/Users/amoralesma/Documents/projects/robotics/manipulator/install/robot_description/bin'
[1.682s] [34mcolcon.colcon_core.environment[0m [1;30mLevel 1[0m checking '/Users/amoralesma/Documents/projects/robotics/manipulator/install/robot_description/lib/pkgconfig/robot_description.pc'
[1.682s] [34mcolcon.colcon_core.environment[0m [1;30mLevel 1[0m checking '/Users/amoralesma/Documents/projects/robotics/manipulator/install/robot_description/lib/python3.11/site-packages'
[1.683s] [34mcolcon.colcon_core.environment[0m [1;30mLevel 1[0m checking '/Users/amoralesma/Documents/projects/robotics/manipulator/install/robot_description/bin'
[1.683s] [34mcolcon.colcon_core.shell[0m [1;30mINFO[0m Creating package script '/Users/amoralesma/Documents/projects/robotics/manipulator/install/robot_description/share/robot_description/package.ps1'
[1.684s] [34mcolcon.colcon_core.shell[0m [1;30mINFO[0m Creating package descriptor '/Users/amoralesma/Documents/projects/robotics/manipulator/install/robot_description/share/robot_description/package.dsv'
[1.685s] [34mcolcon.colcon_core.shell[0m [1;30mINFO[0m Creating package script '/Users/amoralesma/Documents/projects/robotics/manipulator/install/robot_description/share/robot_description/package.sh'
[1.686s] [34mcolcon.colcon_core.shell[0m [1;30mINFO[0m Creating package script '/Users/amoralesma/Documents/projects/robotics/manipulator/install/robot_description/share/robot_description/package.bash'
[1.686s] [34mcolcon.colcon_core.shell[0m [1;30mINFO[0m Creating package script '/Users/amoralesma/Documents/projects/robotics/manipulator/install/robot_description/share/robot_description/package.zsh'
[1.687s] [34mcolcon.colcon_core.environment[0m [1;30mLevel 1[0m create_file_with_runtime_dependencies(/Users/amoralesma/Documents/projects/robotics/manipulator/install/robot_description/share/colcon-core/packages/robot_description)
[1.688s] [34mcolcon.colcon_parallel_executor.executor.parallel[0m [1;30mDEBUG[0m [32mclosing loop[0m
[1.688s] [34mcolcon.colcon_parallel_executor.executor.parallel[0m [1;30mDEBUG[0m [32mloop closed[0m
[1.688s] [34mcolcon.colcon_parallel_executor.executor.parallel[0m [1;30mDEBUG[0m [32mrun_until_complete finished with '0'[0m
[1.689s] [34mcolcon.colcon_core.event_reactor[0m [1;30mDEBUG[0m [32mjoining thread[0m
[1.689s] [34mcolcon.colcon_core.event_reactor[0m [1;30mDEBUG[0m [32mjoined thread[0m
[1.690s] [34mcolcon.colcon_core.shell[0m [1;30mINFO[0m Creating prefix script '/Users/amoralesma/Documents/projects/robotics/manipulator/install/local_setup.ps1'
[1.691s] [34mcolcon.colcon_core.shell[0m [1;30mINFO[0m Creating prefix util module '/Users/amoralesma/Documents/projects/robotics/manipulator/install/_local_setup_util_ps1.py'
[1.694s] [34mcolcon.colcon_core.shell[0m [1;30mINFO[0m Creating prefix chain script '/Users/amoralesma/Documents/projects/robotics/manipulator/install/setup.ps1'
[1.697s] [34mcolcon.colcon_core.shell[0m [1;30mINFO[0m Creating prefix script '/Users/amoralesma/Documents/projects/robotics/manipulator/install/local_setup.sh'
[1.698s] [34mcolcon.colcon_core.shell[0m [1;30mINFO[0m Creating prefix util module '/Users/amoralesma/Documents/projects/robotics/manipulator/install/_local_setup_util_sh.py'
[1.699s] [34mcolcon.colcon_core.shell[0m [1;30mINFO[0m Creating prefix chain script '/Users/amoralesma/Documents/projects/robotics/manipulator/install/setup.sh'
[1.702s] [34mcolcon.colcon_core.shell[0m [1;30mINFO[0m Creating prefix script '/Users/amoralesma/Documents/projects/robotics/manipulator/install/local_setup.bash'
[1.703s] [34mcolcon.colcon_core.shell[0m [1;30mINFO[0m Creating prefix chain script '/Users/amoralesma/Documents/projects/robotics/manipulator/install/setup.bash'
[1.706s] [34mcolcon.colcon_core.shell[0m [1;30mINFO[0m Creating prefix script '/Users/amoralesma/Documents/projects/robotics/manipulator/install/local_setup.zsh'
[1.707s] [34mcolcon.colcon_core.shell[0m [1;30mINFO[0m Creating prefix chain script '/Users/amoralesma/Documents/projects/robotics/manipulator/install/setup.zsh'
